2022-07-08 07:45:43.124  INFO 1664 --- [main] c.tedu.shangshake.ShangshakeApplication  : Starting ShangshakeApplication on DESKTOP-TA5FPRP with PID 1664 (F:\IdeaProjects\shangshake\target\classes started by 23806 in F:\IdeaProjects\shangshake)
2022-07-08 07:45:43.138 DEBUG 1664 --- [main] c.tedu.shangshake.ShangshakeApplication  : Running with Spring Boot v2.3.7.RELEASE, Spring v5.2.12.RELEASE
2022-07-08 07:45:43.140  INFO 1664 --- [main] c.tedu.shangshake.ShangshakeApplication  : No active profile set, falling back to default profiles: default
2022-07-08 07:45:44.937  INFO 1664 --- [main] o.s.b.w.embedded.tomcat.TomcatWebServer  : Tomcat initialized with port(s): 9002 (http)
2022-07-08 07:45:44.950  INFO 1664 --- [main] o.apache.catalina.core.StandardService   : Starting service [Tomcat]
2022-07-08 07:45:44.951  INFO 1664 --- [main] org.apache.catalina.core.StandardEngine  : Starting Servlet engine: [Apache Tomcat/9.0.41]
2022-07-08 07:45:45.112  INFO 1664 --- [main] o.a.c.c.C.[Tomcat].[localhost].[/]       : Initializing Spring embedded WebApplicationContext
2022-07-08 07:45:45.112  INFO 1664 --- [main] w.s.c.ServletWebServerApplicationContext : Root WebApplicationContext: initialization completed in 1868 ms
2022-07-08 07:45:46.895  WARN 1664 --- [main] c.b.m.core.metadata.TableInfoHelper      : Warn: Could not find @TableId in Class: com.tedu.shangshake.pojo.CourseDAO.
2022-07-08 07:45:47.094  WARN 1664 --- [main] c.b.m.core.metadata.TableInfoHelper      : Warn: Could not find @TableId in Class: com.tedu.shangshake.pojo.TeacherDAO.
2022-07-08 07:45:47.137  WARN 1664 --- [main] c.b.m.core.metadata.TableInfoHelper      : Warn: Could not find @TableId in Class: com.tedu.shangshake.pojo.AppraiseDAO.
2022-07-08 07:45:47.166  WARN 1664 --- [main] c.b.m.core.metadata.TableInfoHelper      : Warn: Could not find @TableId in Class: com.tedu.shangshake.pojo.KindDAO.
2022-07-08 07:45:47.190  WARN 1664 --- [main] c.b.m.core.metadata.TableInfoHelper      : Warn: Could not find @TableId in Class: com.tedu.shangshake.pojo.CourseTeacherDAO.
2022-07-08 07:45:47.210  WARN 1664 --- [main] c.b.m.core.metadata.TableInfoHelper      : Warn: Could not find @TableId in Class: com.tedu.shangshake.pojo.StudentCourseAppraiseDAO.
2022-07-08 07:45:47.230  WARN 1664 --- [main] c.b.m.core.metadata.TableInfoHelper      : Warn: Could not find @TableId in Class: com.tedu.shangshake.pojo.StudentDAO.
2022-07-08 07:45:47.248  WARN 1664 --- [main] c.b.m.core.metadata.TableInfoHelper      : Warn: Could not find @TableId in Class: com.tedu.shangshake.pojo.SpecialtyDAO.
2022-07-08 07:45:47.266  WARN 1664 --- [main] c.b.m.core.metadata.TableInfoHelper      : Warn: Could not find @TableId in Class: com.tedu.shangshake.pojo.SpecialtyKindCreditDAO.
2022-07-08 07:45:47.282  WARN 1664 --- [main] c.b.m.core.metadata.TableInfoHelper      : Warn: Could not find @TableId in Class: com.tedu.shangshake.pojo.StudentCourseTeacherDAO.
2022-07-08 07:45:47.296  WARN 1664 --- [main] c.b.m.core.metadata.TableInfoHelper      : Warn: Could not find @TableId in Class: com.tedu.shangshake.pojo.StudentCourseTeacherCurrentDAO.
2022-07-08 07:45:47.316  WARN 1664 --- [main] c.b.m.core.metadata.TableInfoHelper      : Warn: Could not find @TableId in Class: com.tedu.shangshake.pojo.StudentTeacherAppraiseDAO.
2022-07-08 07:45:47.556  INFO 1664 --- [main] pertySourcedRequestMappingHandlerMapping : Mapped URL path [/v2/api-docs] onto method [springfox.documentation.swagger2.web.Swagger2ControllerWebMvc#getDocumentation(String, HttpServletRequest)]
2022-07-08 07:45:47.609  INFO 1664 --- [main] o.s.s.concurrent.ThreadPoolTaskExecutor  : Initializing ExecutorService 'applicationTaskExecutor'
2022-07-08 07:45:47.737  WARN 1664 --- [main] c.b.m.core.metadata.TableInfoHelper      : Warn: Could not find @TableId in Class: com.tedu.shangshake.pojo.SpecialtyCourseDAO.
2022-07-08 07:45:47.779  INFO 1664 --- [main] o.s.b.w.embedded.tomcat.TomcatWebServer  : Tomcat started on port(s): 9002 (http) with context path ''
2022-07-08 07:45:47.779  INFO 1664 --- [main] d.s.w.p.DocumentationPluginsBootstrapper : Documentation plugins bootstrapped
2022-07-08 07:45:47.783  INFO 1664 --- [main] d.s.w.p.DocumentationPluginsBootstrapper : Found 1 custom documentation plugin(s)
2022-07-08 07:45:47.811  INFO 1664 --- [main] s.d.s.w.s.ApiListingReferenceScanner     : Scanning for api listing references
2022-07-08 07:45:48.025  INFO 1664 --- [main] c.tedu.shangshake.ShangshakeApplication  : Started ShangshakeApplication in 5.531 seconds (JVM running for 7.007)
2022-07-08 07:45:50.278  INFO 1664 --- [http-nio-9002-exec-1] o.a.c.c.C.[Tomcat].[localhost].[/]       : Initializing Spring DispatcherServlet 'dispatcherServlet'
2022-07-08 07:45:50.278  INFO 1664 --- [http-nio-9002-exec-1] o.s.web.servlet.DispatcherServlet        : Initializing Servlet 'dispatcherServlet'
2022-07-08 07:45:50.285  INFO 1664 --- [http-nio-9002-exec-1] o.s.web.servlet.DispatcherServlet        : Completed initialization in 7 ms
2022-07-08 07:46:01.240  INFO 1664 --- [http-nio-9002-exec-2] com.zaxxer.hikari.HikariDataSource       : HikariPool-1 - Starting...
2022-07-08 07:46:01.460  INFO 1664 --- [http-nio-9002-exec-2] com.zaxxer.hikari.HikariDataSource       : HikariPool-1 - Start completed.
2022-07-08 07:46:01.468 DEBUG 1664 --- [http-nio-9002-exec-2] c.t.s.mapper.StudentMapper.selectOne     : ==>  Preparing: SELECT sno,spno,sname,username,password,phonenumber,spicture,sex,grade FROM student WHERE (sno = ?) 
2022-07-08 07:46:01.489 DEBUG 1664 --- [http-nio-9002-exec-2] c.t.s.mapper.StudentMapper.selectOne     : ==> Parameters: 2019001(Integer)
2022-07-08 07:46:01.508 DEBUG 1664 --- [http-nio-9002-exec-2] c.t.s.mapper.StudentMapper.selectOne     : <==      Total: 1
2022-07-08 07:46:01.511 DEBUG 1664 --- [http-nio-9002-exec-2] c.t.s.m.S.selectList                     : ==>  Preparing: SELECT spno,kno,credit FROM spkcredit WHERE (spno = ?) 
2022-07-08 07:46:01.511 DEBUG 1664 --- [http-nio-9002-exec-2] c.t.s.m.S.selectList                     : ==> Parameters: 1(Integer)
2022-07-08 07:46:01.514 DEBUG 1664 --- [http-nio-9002-exec-2] c.t.s.m.S.selectList                     : <==      Total: 7
2022-07-08 07:46:01.515 DEBUG 1664 --- [http-nio-9002-exec-2] c.t.s.mapper.KindMapper.selectList       : ==>  Preparing: SELECT kno,kname FROM kind 
2022-07-08 07:46:01.515 DEBUG 1664 --- [http-nio-9002-exec-2] c.t.s.mapper.KindMapper.selectList       : ==> Parameters: 
2022-07-08 07:46:01.517 DEBUG 1664 --- [http-nio-9002-exec-2] c.t.s.mapper.KindMapper.selectList       : <==      Total: 7
2022-07-08 07:46:01.518 DEBUG 1664 --- [http-nio-9002-exec-2] c.t.s.m.S.selectList                     : ==>  Preparing: SELECT sno,cno,tno,passed FROM sct 
2022-07-08 07:46:01.518 DEBUG 1664 --- [http-nio-9002-exec-2] c.t.s.m.S.selectList                     : ==> Parameters: 
2022-07-08 07:46:01.520 DEBUG 1664 --- [http-nio-9002-exec-2] c.t.s.m.S.selectList                     : <==      Total: 4
2022-07-08 07:46:01.521 DEBUG 1664 --- [http-nio-9002-exec-2] c.t.s.mapper.CourseMapper.selectOne      : ==>  Preparing: SELECT cno,cname,averagestar,credit,cintroduction,cpicture,kno FROM course WHERE (cno = ?) 
2022-07-08 07:46:01.522 DEBUG 1664 --- [http-nio-9002-exec-2] c.t.s.mapper.CourseMapper.selectOne      : ==> Parameters: 10001(Integer)
2022-07-08 07:46:01.524 DEBUG 1664 --- [http-nio-9002-exec-2] c.t.s.mapper.CourseMapper.selectOne      : <==      Total: 1
2022-07-08 07:46:01.525 DEBUG 1664 --- [http-nio-9002-exec-2] c.t.s.mapper.CourseMapper.selectOne      : ==>  Preparing: SELECT cno,cname,averagestar,credit,cintroduction,cpicture,kno FROM course WHERE (cno = ?) 
2022-07-08 07:46:01.525 DEBUG 1664 --- [http-nio-9002-exec-2] c.t.s.mapper.CourseMapper.selectOne      : ==> Parameters: 10002(Integer)
2022-07-08 07:46:01.526 DEBUG 1664 --- [http-nio-9002-exec-2] c.t.s.mapper.CourseMapper.selectOne      : <==      Total: 1
2022-07-08 07:46:01.527 DEBUG 1664 --- [http-nio-9002-exec-2] c.t.s.mapper.CourseMapper.selectOne      : ==>  Preparing: SELECT cno,cname,averagestar,credit,cintroduction,cpicture,kno FROM course WHERE (cno = ?) 
2022-07-08 07:46:01.528 DEBUG 1664 --- [http-nio-9002-exec-2] c.t.s.mapper.CourseMapper.selectOne      : ==> Parameters: 10004(Integer)
2022-07-08 07:46:01.529 DEBUG 1664 --- [http-nio-9002-exec-2] c.t.s.mapper.CourseMapper.selectOne      : <==      Total: 1
2022-07-08 07:46:01.529 DEBUG 1664 --- [http-nio-9002-exec-2] c.t.s.m.S.selectList                     : ==>  Preparing: SELECT sno,cno,tno FROM sctcurrent 
2022-07-08 07:46:01.529 DEBUG 1664 --- [http-nio-9002-exec-2] c.t.s.m.S.selectList                     : ==> Parameters: 
2022-07-08 07:46:01.531 DEBUG 1664 --- [http-nio-9002-exec-2] c.t.s.m.S.selectList                     : <==      Total: 1
2022-07-08 07:46:01.532 DEBUG 1664 --- [http-nio-9002-exec-2] c.t.s.mapper.CourseMapper.selectOne      : ==>  Preparing: SELECT cno,cname,averagestar,credit,cintroduction,cpicture,kno FROM course WHERE (cno = ?) 
2022-07-08 07:46:01.532 DEBUG 1664 --- [http-nio-9002-exec-2] c.t.s.mapper.CourseMapper.selectOne      : ==> Parameters: 10003(Integer)
2022-07-08 07:46:01.533 DEBUG 1664 --- [http-nio-9002-exec-2] c.t.s.mapper.CourseMapper.selectOne      : <==      Total: 1
2022-07-08 07:46:01.534 DEBUG 1664 --- [http-nio-9002-exec-2] c.t.s.mapper.KindMapper.selectOne        : ==>  Preparing: SELECT kno,kname FROM kind WHERE (kno = ?) 
2022-07-08 07:46:01.534 DEBUG 1664 --- [http-nio-9002-exec-2] c.t.s.mapper.KindMapper.selectOne        : ==> Parameters: 1(Integer)
2022-07-08 07:46:01.535 DEBUG 1664 --- [http-nio-9002-exec-2] c.t.s.mapper.KindMapper.selectOne        : <==      Total: 1
2022-07-08 07:46:01.537 DEBUG 1664 --- [http-nio-9002-exec-2] c.t.s.mapper.KindMapper.selectOne        : ==>  Preparing: SELECT kno,kname FROM kind WHERE (kno = ?) 
2022-07-08 07:46:01.537 DEBUG 1664 --- [http-nio-9002-exec-2] c.t.s.mapper.KindMapper.selectOne        : ==> Parameters: 2(Integer)
2022-07-08 07:46:01.538 DEBUG 1664 --- [http-nio-9002-exec-2] c.t.s.mapper.KindMapper.selectOne        : <==      Total: 1
2022-07-08 07:46:01.539 DEBUG 1664 --- [http-nio-9002-exec-2] c.t.s.mapper.KindMapper.selectOne        : ==>  Preparing: SELECT kno,kname FROM kind WHERE (kno = ?) 
2022-07-08 07:46:01.539 DEBUG 1664 --- [http-nio-9002-exec-2] c.t.s.mapper.KindMapper.selectOne        : ==> Parameters: 3(Integer)
2022-07-08 07:46:01.540 DEBUG 1664 --- [http-nio-9002-exec-2] c.t.s.mapper.KindMapper.selectOne        : <==      Total: 1
2022-07-08 07:46:01.541 DEBUG 1664 --- [http-nio-9002-exec-2] c.t.s.mapper.KindMapper.selectOne        : ==>  Preparing: SELECT kno,kname FROM kind WHERE (kno = ?) 
2022-07-08 07:46:01.541 DEBUG 1664 --- [http-nio-9002-exec-2] c.t.s.mapper.KindMapper.selectOne        : ==> Parameters: 4(Integer)
2022-07-08 07:46:01.542 DEBUG 1664 --- [http-nio-9002-exec-2] c.t.s.mapper.KindMapper.selectOne        : <==      Total: 1
2022-07-08 07:46:01.543 DEBUG 1664 --- [http-nio-9002-exec-2] c.t.s.mapper.KindMapper.selectOne        : ==>  Preparing: SELECT kno,kname FROM kind WHERE (kno = ?) 
2022-07-08 07:46:01.544 DEBUG 1664 --- [http-nio-9002-exec-2] c.t.s.mapper.KindMapper.selectOne        : ==> Parameters: 5(Integer)
2022-07-08 07:46:01.545 DEBUG 1664 --- [http-nio-9002-exec-2] c.t.s.mapper.KindMapper.selectOne        : <==      Total: 1
2022-07-08 07:46:01.546 DEBUG 1664 --- [http-nio-9002-exec-2] c.t.s.mapper.KindMapper.selectOne        : ==>  Preparing: SELECT kno,kname FROM kind WHERE (kno = ?) 
2022-07-08 07:46:01.546 DEBUG 1664 --- [http-nio-9002-exec-2] c.t.s.mapper.KindMapper.selectOne        : ==> Parameters: 6(Integer)
2022-07-08 07:46:01.547 DEBUG 1664 --- [http-nio-9002-exec-2] c.t.s.mapper.KindMapper.selectOne        : <==      Total: 1
2022-07-08 07:46:01.548 DEBUG 1664 --- [http-nio-9002-exec-2] c.t.s.mapper.KindMapper.selectOne        : ==>  Preparing: SELECT kno,kname FROM kind WHERE (kno = ?) 
2022-07-08 07:46:01.549 DEBUG 1664 --- [http-nio-9002-exec-2] c.t.s.mapper.KindMapper.selectOne        : ==> Parameters: 7(Integer)
2022-07-08 07:46:01.551 DEBUG 1664 --- [http-nio-9002-exec-2] c.t.s.mapper.KindMapper.selectOne        : <==      Total: 1
2022-07-08 07:47:37.786 DEBUG 1664 --- [http-nio-9002-exec-1] c.t.s.mapper.CourseMapper.selectList     : ==>  Preparing: SELECT cno,cname,averagestar,credit,cintroduction,cpicture,kno FROM course 
2022-07-08 07:47:37.787 DEBUG 1664 --- [http-nio-9002-exec-1] c.t.s.mapper.CourseMapper.selectList     : ==> Parameters: 
2022-07-08 07:47:37.789 DEBUG 1664 --- [http-nio-9002-exec-1] c.t.s.mapper.CourseMapper.selectList     : <==      Total: 4
2022-07-08 07:47:37.791 DEBUG 1664 --- [http-nio-9002-exec-1] c.t.s.mapper.KindMapper.selectOne        : ==>  Preparing: SELECT kno,kname FROM kind WHERE (kno = ?) 
2022-07-08 07:47:37.792 DEBUG 1664 --- [http-nio-9002-exec-1] c.t.s.mapper.KindMapper.selectOne        : ==> Parameters: 1(Integer)
2022-07-08 07:47:37.793 DEBUG 1664 --- [http-nio-9002-exec-1] c.t.s.mapper.KindMapper.selectOne        : <==      Total: 1
2022-07-08 07:47:37.799 DEBUG 1664 --- [http-nio-9002-exec-1] c.t.s.mapper.KindMapper.selectOne        : ==>  Preparing: SELECT kno,kname FROM kind WHERE (kno = ?) 
2022-07-08 07:47:37.800 DEBUG 1664 --- [http-nio-9002-exec-1] c.t.s.mapper.KindMapper.selectOne        : ==> Parameters: 1(Integer)
2022-07-08 07:47:37.801 DEBUG 1664 --- [http-nio-9002-exec-1] c.t.s.mapper.KindMapper.selectOne        : <==      Total: 1
2022-07-08 07:47:37.804 DEBUG 1664 --- [http-nio-9002-exec-1] c.t.s.mapper.KindMapper.selectOne        : ==>  Preparing: SELECT kno,kname FROM kind WHERE (kno = ?) 
2022-07-08 07:47:37.804 DEBUG 1664 --- [http-nio-9002-exec-1] c.t.s.mapper.KindMapper.selectOne        : ==> Parameters: 1(Integer)
2022-07-08 07:47:37.806 DEBUG 1664 --- [http-nio-9002-exec-1] c.t.s.mapper.KindMapper.selectOne        : <==      Total: 1
2022-07-08 07:47:37.807 DEBUG 1664 --- [http-nio-9002-exec-1] c.t.s.mapper.KindMapper.selectOne        : ==>  Preparing: SELECT kno,kname FROM kind WHERE (kno = ?) 
2022-07-08 07:47:37.808 DEBUG 1664 --- [http-nio-9002-exec-1] c.t.s.mapper.KindMapper.selectOne        : ==> Parameters: 7(Integer)
2022-07-08 07:47:37.809 DEBUG 1664 --- [http-nio-9002-exec-1] c.t.s.mapper.KindMapper.selectOne        : <==      Total: 1
2022-07-08 07:49:13.225 DEBUG 1664 --- [http-nio-9002-exec-9] c.t.s.mapper.CourseMapper.selectList     : ==>  Preparing: SELECT cno,cname,averagestar,credit,cintroduction,cpicture,kno FROM course 
2022-07-08 07:49:13.226 DEBUG 1664 --- [http-nio-9002-exec-9] c.t.s.mapper.CourseMapper.selectList     : ==> Parameters: 
2022-07-08 07:49:13.227 DEBUG 1664 --- [http-nio-9002-exec-9] c.t.s.mapper.CourseMapper.selectList     : <==      Total: 4
2022-07-08 07:49:13.229 DEBUG 1664 --- [http-nio-9002-exec-9] c.t.s.mapper.KindMapper.selectOne        : ==>  Preparing: SELECT kno,kname FROM kind WHERE (kno = ?) 
2022-07-08 07:49:13.230 DEBUG 1664 --- [http-nio-9002-exec-9] c.t.s.mapper.KindMapper.selectOne        : ==> Parameters: 1(Integer)
2022-07-08 07:49:13.231 DEBUG 1664 --- [http-nio-9002-exec-9] c.t.s.mapper.KindMapper.selectOne        : <==      Total: 1
2022-07-08 07:49:13.233 DEBUG 1664 --- [http-nio-9002-exec-9] c.t.s.mapper.KindMapper.selectOne        : ==>  Preparing: SELECT kno,kname FROM kind WHERE (kno = ?) 
2022-07-08 07:49:13.233 DEBUG 1664 --- [http-nio-9002-exec-9] c.t.s.mapper.KindMapper.selectOne        : ==> Parameters: 1(Integer)
2022-07-08 07:49:13.234 DEBUG 1664 --- [http-nio-9002-exec-9] c.t.s.mapper.KindMapper.selectOne        : <==      Total: 1
2022-07-08 07:49:13.236 DEBUG 1664 --- [http-nio-9002-exec-9] c.t.s.mapper.KindMapper.selectOne        : ==>  Preparing: SELECT kno,kname FROM kind WHERE (kno = ?) 
2022-07-08 07:49:13.237 DEBUG 1664 --- [http-nio-9002-exec-9] c.t.s.mapper.KindMapper.selectOne        : ==> Parameters: 1(Integer)
2022-07-08 07:49:13.238 DEBUG 1664 --- [http-nio-9002-exec-9] c.t.s.mapper.KindMapper.selectOne        : <==      Total: 1
2022-07-08 07:49:13.240 DEBUG 1664 --- [http-nio-9002-exec-9] c.t.s.mapper.KindMapper.selectOne        : ==>  Preparing: SELECT kno,kname FROM kind WHERE (kno = ?) 
2022-07-08 07:49:13.240 DEBUG 1664 --- [http-nio-9002-exec-9] c.t.s.mapper.KindMapper.selectOne        : ==> Parameters: 7(Integer)
2022-07-08 07:49:13.241 DEBUG 1664 --- [http-nio-9002-exec-9] c.t.s.mapper.KindMapper.selectOne        : <==      Total: 1
2022-07-08 07:50:03.468 DEBUG 1664 --- [http-nio-9002-exec-3] c.t.s.mapper.CourseMapper.selectList     : ==>  Preparing: SELECT cno,cname,averagestar,credit,cintroduction,cpicture,kno FROM course 
2022-07-08 07:50:03.469 DEBUG 1664 --- [http-nio-9002-exec-3] c.t.s.mapper.CourseMapper.selectList     : ==> Parameters: 
2022-07-08 07:50:03.472 DEBUG 1664 --- [http-nio-9002-exec-3] c.t.s.mapper.CourseMapper.selectList     : <==      Total: 4
2022-07-08 07:50:03.474 DEBUG 1664 --- [http-nio-9002-exec-3] c.t.s.mapper.KindMapper.selectOne        : ==>  Preparing: SELECT kno,kname FROM kind WHERE (kno = ?) 
2022-07-08 07:50:03.474 DEBUG 1664 --- [http-nio-9002-exec-3] c.t.s.mapper.KindMapper.selectOne        : ==> Parameters: 1(Integer)
2022-07-08 07:50:03.475 DEBUG 1664 --- [http-nio-9002-exec-3] c.t.s.mapper.KindMapper.selectOne        : <==      Total: 1
2022-07-08 07:50:03.476 DEBUG 1664 --- [http-nio-9002-exec-3] c.t.s.mapper.KindMapper.selectOne        : ==>  Preparing: SELECT kno,kname FROM kind WHERE (kno = ?) 
2022-07-08 07:50:03.476 DEBUG 1664 --- [http-nio-9002-exec-3] c.t.s.mapper.KindMapper.selectOne        : ==> Parameters: 1(Integer)
2022-07-08 07:50:03.477 DEBUG 1664 --- [http-nio-9002-exec-3] c.t.s.mapper.KindMapper.selectOne        : <==      Total: 1
2022-07-08 07:50:03.478 DEBUG 1664 --- [http-nio-9002-exec-3] c.t.s.mapper.KindMapper.selectOne        : ==>  Preparing: SELECT kno,kname FROM kind WHERE (kno = ?) 
2022-07-08 07:50:03.479 DEBUG 1664 --- [http-nio-9002-exec-3] c.t.s.mapper.KindMapper.selectOne        : ==> Parameters: 1(Integer)
2022-07-08 07:50:03.480 DEBUG 1664 --- [http-nio-9002-exec-3] c.t.s.mapper.KindMapper.selectOne        : <==      Total: 1
2022-07-08 07:50:03.481 DEBUG 1664 --- [http-nio-9002-exec-3] c.t.s.mapper.KindMapper.selectOne        : ==>  Preparing: SELECT kno,kname FROM kind WHERE (kno = ?) 
2022-07-08 07:50:03.481 DEBUG 1664 --- [http-nio-9002-exec-3] c.t.s.mapper.KindMapper.selectOne        : ==> Parameters: 7(Integer)
2022-07-08 07:50:03.482 DEBUG 1664 --- [http-nio-9002-exec-3] c.t.s.mapper.KindMapper.selectOne        : <==      Total: 1
2022-07-08 07:54:46.394 DEBUG 1664 --- [http-nio-9002-exec-7] c.t.s.mapper.StudentMapper.selectOne     : ==>  Preparing: SELECT sno,spno,sname,username,password,phonenumber,spicture,sex,grade FROM student WHERE (sno = ?) 
2022-07-08 07:54:46.395 DEBUG 1664 --- [http-nio-9002-exec-7] c.t.s.mapper.StudentMapper.selectOne     : ==> Parameters: 2019001(Integer)
2022-07-08 07:54:46.397 DEBUG 1664 --- [http-nio-9002-exec-7] c.t.s.mapper.StudentMapper.selectOne     : <==      Total: 1
2022-07-08 07:54:46.399 DEBUG 1664 --- [http-nio-9002-exec-7] c.t.s.m.S.selectList                     : ==>  Preparing: SELECT spno,kno,credit FROM spkcredit WHERE (spno = ?) 
2022-07-08 07:54:46.399 DEBUG 1664 --- [http-nio-9002-exec-7] c.t.s.m.S.selectList                     : ==> Parameters: 1(Integer)
2022-07-08 07:54:46.400 DEBUG 1664 --- [http-nio-9002-exec-7] c.t.s.m.S.selectList                     : <==      Total: 7
2022-07-08 07:54:46.401 DEBUG 1664 --- [http-nio-9002-exec-7] c.t.s.mapper.KindMapper.selectList       : ==>  Preparing: SELECT kno,kname FROM kind 
2022-07-08 07:54:46.401 DEBUG 1664 --- [http-nio-9002-exec-7] c.t.s.mapper.KindMapper.selectList       : ==> Parameters: 
2022-07-08 07:54:46.402 DEBUG 1664 --- [http-nio-9002-exec-7] c.t.s.mapper.KindMapper.selectList       : <==      Total: 7
2022-07-08 07:54:46.402 DEBUG 1664 --- [http-nio-9002-exec-7] c.t.s.m.S.selectList                     : ==>  Preparing: SELECT sno,cno,tno,passed FROM sct 
2022-07-08 07:54:46.402 DEBUG 1664 --- [http-nio-9002-exec-7] c.t.s.m.S.selectList                     : ==> Parameters: 
2022-07-08 07:54:46.404 DEBUG 1664 --- [http-nio-9002-exec-7] c.t.s.m.S.selectList                     : <==      Total: 4
2022-07-08 07:54:46.405 DEBUG 1664 --- [http-nio-9002-exec-7] c.t.s.mapper.CourseMapper.selectOne      : ==>  Preparing: SELECT cno,cname,averagestar,credit,cintroduction,cpicture,kno FROM course WHERE (cno = ?) 
2022-07-08 07:54:46.405 DEBUG 1664 --- [http-nio-9002-exec-7] c.t.s.mapper.CourseMapper.selectOne      : ==> Parameters: 10001(Integer)
2022-07-08 07:54:46.406 DEBUG 1664 --- [http-nio-9002-exec-7] c.t.s.mapper.CourseMapper.selectOne      : <==      Total: 1
2022-07-08 07:54:46.407 DEBUG 1664 --- [http-nio-9002-exec-7] c.t.s.mapper.CourseMapper.selectOne      : ==>  Preparing: SELECT cno,cname,averagestar,credit,cintroduction,cpicture,kno FROM course WHERE (cno = ?) 
2022-07-08 07:54:46.407 DEBUG 1664 --- [http-nio-9002-exec-7] c.t.s.mapper.CourseMapper.selectOne      : ==> Parameters: 10002(Integer)
2022-07-08 07:54:46.408 DEBUG 1664 --- [http-nio-9002-exec-7] c.t.s.mapper.CourseMapper.selectOne      : <==      Total: 1
2022-07-08 07:54:46.411 DEBUG 1664 --- [http-nio-9002-exec-7] c.t.s.mapper.CourseMapper.selectOne      : ==>  Preparing: SELECT cno,cname,averagestar,credit,cintroduction,cpicture,kno FROM course WHERE (cno = ?) 
2022-07-08 07:54:46.411 DEBUG 1664 --- [http-nio-9002-exec-7] c.t.s.mapper.CourseMapper.selectOne      : ==> Parameters: 10004(Integer)
2022-07-08 07:54:46.411 DEBUG 1664 --- [http-nio-9002-exec-7] c.t.s.mapper.CourseMapper.selectOne      : <==      Total: 1
2022-07-08 07:54:46.412 DEBUG 1664 --- [http-nio-9002-exec-7] c.t.s.m.S.selectList                     : ==>  Preparing: SELECT sno,cno,tno FROM sctcurrent 
2022-07-08 07:54:46.412 DEBUG 1664 --- [http-nio-9002-exec-7] c.t.s.m.S.selectList                     : ==> Parameters: 
2022-07-08 07:54:46.413 DEBUG 1664 --- [http-nio-9002-exec-7] c.t.s.m.S.selectList                     : <==      Total: 1
2022-07-08 07:54:46.414 DEBUG 1664 --- [http-nio-9002-exec-7] c.t.s.mapper.CourseMapper.selectOne      : ==>  Preparing: SELECT cno,cname,averagestar,credit,cintroduction,cpicture,kno FROM course WHERE (cno = ?) 
2022-07-08 07:54:46.415 DEBUG 1664 --- [http-nio-9002-exec-7] c.t.s.mapper.CourseMapper.selectOne      : ==> Parameters: 10003(Integer)
2022-07-08 07:54:46.416 DEBUG 1664 --- [http-nio-9002-exec-7] c.t.s.mapper.CourseMapper.selectOne      : <==      Total: 1
2022-07-08 07:54:46.417 DEBUG 1664 --- [http-nio-9002-exec-7] c.t.s.mapper.KindMapper.selectOne        : ==>  Preparing: SELECT kno,kname FROM kind WHERE (kno = ?) 
2022-07-08 07:54:46.418 DEBUG 1664 --- [http-nio-9002-exec-7] c.t.s.mapper.KindMapper.selectOne        : ==> Parameters: 1(Integer)
2022-07-08 07:54:46.419 DEBUG 1664 --- [http-nio-9002-exec-7] c.t.s.mapper.KindMapper.selectOne        : <==      Total: 1
2022-07-08 07:54:46.421 DEBUG 1664 --- [http-nio-9002-exec-7] c.t.s.mapper.KindMapper.selectOne        : ==>  Preparing: SELECT kno,kname FROM kind WHERE (kno = ?) 
2022-07-08 07:54:46.421 DEBUG 1664 --- [http-nio-9002-exec-7] c.t.s.mapper.KindMapper.selectOne        : ==> Parameters: 2(Integer)
2022-07-08 07:54:46.422 DEBUG 1664 --- [http-nio-9002-exec-7] c.t.s.mapper.KindMapper.selectOne        : <==      Total: 1
2022-07-08 07:54:46.423 DEBUG 1664 --- [http-nio-9002-exec-7] c.t.s.mapper.KindMapper.selectOne        : ==>  Preparing: SELECT kno,kname FROM kind WHERE (kno = ?) 
2022-07-08 07:54:46.424 DEBUG 1664 --- [http-nio-9002-exec-7] c.t.s.mapper.KindMapper.selectOne        : ==> Parameters: 3(Integer)
2022-07-08 07:54:46.425 DEBUG 1664 --- [http-nio-9002-exec-7] c.t.s.mapper.KindMapper.selectOne        : <==      Total: 1
2022-07-08 07:54:46.427 DEBUG 1664 --- [http-nio-9002-exec-7] c.t.s.mapper.KindMapper.selectOne        : ==>  Preparing: SELECT kno,kname FROM kind WHERE (kno = ?) 
2022-07-08 07:54:46.428 DEBUG 1664 --- [http-nio-9002-exec-7] c.t.s.mapper.KindMapper.selectOne        : ==> Parameters: 4(Integer)
2022-07-08 07:54:46.429 DEBUG 1664 --- [http-nio-9002-exec-7] c.t.s.mapper.KindMapper.selectOne        : <==      Total: 1
2022-07-08 07:54:46.431 DEBUG 1664 --- [http-nio-9002-exec-7] c.t.s.mapper.KindMapper.selectOne        : ==>  Preparing: SELECT kno,kname FROM kind WHERE (kno = ?) 
2022-07-08 07:54:46.432 DEBUG 1664 --- [http-nio-9002-exec-7] c.t.s.mapper.KindMapper.selectOne        : ==> Parameters: 5(Integer)
2022-07-08 07:54:46.434 DEBUG 1664 --- [http-nio-9002-exec-7] c.t.s.mapper.KindMapper.selectOne        : <==      Total: 1
2022-07-08 07:54:46.436 DEBUG 1664 --- [http-nio-9002-exec-7] c.t.s.mapper.KindMapper.selectOne        : ==>  Preparing: SELECT kno,kname FROM kind WHERE (kno = ?) 
2022-07-08 07:54:46.436 DEBUG 1664 --- [http-nio-9002-exec-7] c.t.s.mapper.KindMapper.selectOne        : ==> Parameters: 6(Integer)
2022-07-08 07:54:46.438 DEBUG 1664 --- [http-nio-9002-exec-7] c.t.s.mapper.KindMapper.selectOne        : <==      Total: 1
2022-07-08 07:54:46.440 DEBUG 1664 --- [http-nio-9002-exec-7] c.t.s.mapper.KindMapper.selectOne        : ==>  Preparing: SELECT kno,kname FROM kind WHERE (kno = ?) 
2022-07-08 07:54:46.440 DEBUG 1664 --- [http-nio-9002-exec-7] c.t.s.mapper.KindMapper.selectOne        : ==> Parameters: 7(Integer)
2022-07-08 07:54:46.441 DEBUG 1664 --- [http-nio-9002-exec-7] c.t.s.mapper.KindMapper.selectOne        : <==      Total: 1
2022-07-08 08:03:17.999 DEBUG 1664 --- [http-nio-9002-exec-1] c.t.s.mapper.StudentMapper.selectOne     : ==>  Preparing: SELECT sno,spno,sname,username,password,phonenumber,spicture,sex,grade FROM student WHERE (sno = ?) 
2022-07-08 08:03:18.000 DEBUG 1664 --- [http-nio-9002-exec-1] c.t.s.mapper.StudentMapper.selectOne     : ==> Parameters: 2019001(Integer)
2022-07-08 08:03:18.002 DEBUG 1664 --- [http-nio-9002-exec-1] c.t.s.mapper.StudentMapper.selectOne     : <==      Total: 1
2022-07-08 08:03:18.003 DEBUG 1664 --- [http-nio-9002-exec-1] c.t.s.m.S.selectList                     : ==>  Preparing: SELECT spno,kno,credit FROM spkcredit WHERE (spno = ?) 
2022-07-08 08:03:18.003 DEBUG 1664 --- [http-nio-9002-exec-1] c.t.s.m.S.selectList                     : ==> Parameters: 1(Integer)
2022-07-08 08:03:18.006 DEBUG 1664 --- [http-nio-9002-exec-1] c.t.s.m.S.selectList                     : <==      Total: 7
2022-07-08 08:03:18.007 DEBUG 1664 --- [http-nio-9002-exec-1] c.t.s.mapper.KindMapper.selectList       : ==>  Preparing: SELECT kno,kname FROM kind 
2022-07-08 08:03:18.007 DEBUG 1664 --- [http-nio-9002-exec-1] c.t.s.mapper.KindMapper.selectList       : ==> Parameters: 
2022-07-08 08:03:18.009 DEBUG 1664 --- [http-nio-9002-exec-1] c.t.s.mapper.KindMapper.selectList       : <==      Total: 7
2022-07-08 08:03:18.010 DEBUG 1664 --- [http-nio-9002-exec-1] c.t.s.m.S.selectList                     : ==>  Preparing: SELECT sno,cno,tno,passed FROM sct 
2022-07-08 08:03:18.010 DEBUG 1664 --- [http-nio-9002-exec-1] c.t.s.m.S.selectList                     : ==> Parameters: 
2022-07-08 08:03:18.012 DEBUG 1664 --- [http-nio-9002-exec-1] c.t.s.m.S.selectList                     : <==      Total: 4
2022-07-08 08:03:18.013 DEBUG 1664 --- [http-nio-9002-exec-1] c.t.s.mapper.CourseMapper.selectOne      : ==>  Preparing: SELECT cno,cname,averagestar,credit,cintroduction,cpicture,kno FROM course WHERE (cno = ?) 
2022-07-08 08:03:18.014 DEBUG 1664 --- [http-nio-9002-exec-1] c.t.s.mapper.CourseMapper.selectOne      : ==> Parameters: 10001(Integer)
2022-07-08 08:03:18.016 DEBUG 1664 --- [http-nio-9002-exec-1] c.t.s.mapper.CourseMapper.selectOne      : <==      Total: 1
2022-07-08 08:03:18.017 DEBUG 1664 --- [http-nio-9002-exec-1] c.t.s.mapper.CourseMapper.selectOne      : ==>  Preparing: SELECT cno,cname,averagestar,credit,cintroduction,cpicture,kno FROM course WHERE (cno = ?) 
2022-07-08 08:03:18.018 DEBUG 1664 --- [http-nio-9002-exec-1] c.t.s.mapper.CourseMapper.selectOne      : ==> Parameters: 10002(Integer)
2022-07-08 08:03:18.020 DEBUG 1664 --- [http-nio-9002-exec-1] c.t.s.mapper.CourseMapper.selectOne      : <==      Total: 1
2022-07-08 08:03:18.021 DEBUG 1664 --- [http-nio-9002-exec-1] c.t.s.mapper.CourseMapper.selectOne      : ==>  Preparing: SELECT cno,cname,averagestar,credit,cintroduction,cpicture,kno FROM course WHERE (cno = ?) 
2022-07-08 08:03:18.021 DEBUG 1664 --- [http-nio-9002-exec-1] c.t.s.mapper.CourseMapper.selectOne      : ==> Parameters: 10004(Integer)
2022-07-08 08:03:18.023 DEBUG 1664 --- [http-nio-9002-exec-1] c.t.s.mapper.CourseMapper.selectOne      : <==      Total: 1
2022-07-08 08:03:18.023 DEBUG 1664 --- [http-nio-9002-exec-1] c.t.s.m.S.selectList                     : ==>  Preparing: SELECT sno,cno,tno FROM sctcurrent 
2022-07-08 08:03:18.023 DEBUG 1664 --- [http-nio-9002-exec-1] c.t.s.m.S.selectList                     : ==> Parameters: 
2022-07-08 08:03:18.024 DEBUG 1664 --- [http-nio-9002-exec-1] c.t.s.m.S.selectList                     : <==      Total: 1
2022-07-08 08:03:18.026 DEBUG 1664 --- [http-nio-9002-exec-1] c.t.s.mapper.CourseMapper.selectOne      : ==>  Preparing: SELECT cno,cname,averagestar,credit,cintroduction,cpicture,kno FROM course WHERE (cno = ?) 
2022-07-08 08:03:18.026 DEBUG 1664 --- [http-nio-9002-exec-1] c.t.s.mapper.CourseMapper.selectOne      : ==> Parameters: 10003(Integer)
2022-07-08 08:03:18.027 DEBUG 1664 --- [http-nio-9002-exec-1] c.t.s.mapper.CourseMapper.selectOne      : <==      Total: 1
2022-07-08 08:03:18.028 DEBUG 1664 --- [http-nio-9002-exec-1] c.t.s.mapper.KindMapper.selectOne        : ==>  Preparing: SELECT kno,kname FROM kind WHERE (kno = ?) 
2022-07-08 08:03:18.028 DEBUG 1664 --- [http-nio-9002-exec-1] c.t.s.mapper.KindMapper.selectOne        : ==> Parameters: 1(Integer)
2022-07-08 08:03:18.029 DEBUG 1664 --- [http-nio-9002-exec-1] c.t.s.mapper.KindMapper.selectOne        : <==      Total: 1
2022-07-08 08:03:18.030 DEBUG 1664 --- [http-nio-9002-exec-1] c.t.s.mapper.KindMapper.selectOne        : ==>  Preparing: SELECT kno,kname FROM kind WHERE (kno = ?) 
2022-07-08 08:03:18.030 DEBUG 1664 --- [http-nio-9002-exec-1] c.t.s.mapper.KindMapper.selectOne        : ==> Parameters: 2(Integer)
2022-07-08 08:03:18.032 DEBUG 1664 --- [http-nio-9002-exec-1] c.t.s.mapper.KindMapper.selectOne        : <==      Total: 1
2022-07-08 08:03:18.032 DEBUG 1664 --- [http-nio-9002-exec-1] c.t.s.mapper.KindMapper.selectOne        : ==>  Preparing: SELECT kno,kname FROM kind WHERE (kno = ?) 
2022-07-08 08:03:18.032 DEBUG 1664 --- [http-nio-9002-exec-1] c.t.s.mapper.KindMapper.selectOne        : ==> Parameters: 3(Integer)
2022-07-08 08:03:18.033 DEBUG 1664 --- [http-nio-9002-exec-1] c.t.s.mapper.KindMapper.selectOne        : <==      Total: 1
2022-07-08 08:03:18.034 DEBUG 1664 --- [http-nio-9002-exec-1] c.t.s.mapper.KindMapper.selectOne        : ==>  Preparing: SELECT kno,kname FROM kind WHERE (kno = ?) 
2022-07-08 08:03:18.034 DEBUG 1664 --- [http-nio-9002-exec-1] c.t.s.mapper.KindMapper.selectOne        : ==> Parameters: 4(Integer)
2022-07-08 08:03:18.034 DEBUG 1664 --- [http-nio-9002-exec-1] c.t.s.mapper.KindMapper.selectOne        : <==      Total: 1
2022-07-08 08:03:18.035 DEBUG 1664 --- [http-nio-9002-exec-1] c.t.s.mapper.KindMapper.selectOne        : ==>  Preparing: SELECT kno,kname FROM kind WHERE (kno = ?) 
2022-07-08 08:03:18.035 DEBUG 1664 --- [http-nio-9002-exec-1] c.t.s.mapper.KindMapper.selectOne        : ==> Parameters: 5(Integer)
2022-07-08 08:03:18.035 DEBUG 1664 --- [http-nio-9002-exec-1] c.t.s.mapper.KindMapper.selectOne        : <==      Total: 1
2022-07-08 08:03:18.036 DEBUG 1664 --- [http-nio-9002-exec-1] c.t.s.mapper.KindMapper.selectOne        : ==>  Preparing: SELECT kno,kname FROM kind WHERE (kno = ?) 
2022-07-08 08:03:18.036 DEBUG 1664 --- [http-nio-9002-exec-1] c.t.s.mapper.KindMapper.selectOne        : ==> Parameters: 6(Integer)
2022-07-08 08:03:18.037 DEBUG 1664 --- [http-nio-9002-exec-1] c.t.s.mapper.KindMapper.selectOne        : <==      Total: 1
2022-07-08 08:03:18.037 DEBUG 1664 --- [http-nio-9002-exec-1] c.t.s.mapper.KindMapper.selectOne        : ==>  Preparing: SELECT kno,kname FROM kind WHERE (kno = ?) 
2022-07-08 08:03:18.037 DEBUG 1664 --- [http-nio-9002-exec-1] c.t.s.mapper.KindMapper.selectOne        : ==> Parameters: 7(Integer)
2022-07-08 08:03:18.038 DEBUG 1664 --- [http-nio-9002-exec-1] c.t.s.mapper.KindMapper.selectOne        : <==      Total: 1
2022-07-08 08:03:19.732 DEBUG 1664 --- [http-nio-9002-exec-10] c.t.s.mapper.StudentMapper.selectOne     : ==>  Preparing: SELECT sno,spno,sname,username,password,phonenumber,spicture,sex,grade FROM student WHERE (sno = ?) 
2022-07-08 08:03:19.733 DEBUG 1664 --- [http-nio-9002-exec-10] c.t.s.mapper.StudentMapper.selectOne     : ==> Parameters: 2019001(Integer)
2022-07-08 08:03:19.734 DEBUG 1664 --- [http-nio-9002-exec-10] c.t.s.mapper.StudentMapper.selectOne     : <==      Total: 1
2022-07-08 08:03:19.736 DEBUG 1664 --- [http-nio-9002-exec-10] c.t.s.m.S.selectList                     : ==>  Preparing: SELECT spno,kno,credit FROM spkcredit WHERE (spno = ?) 
2022-07-08 08:03:19.736 DEBUG 1664 --- [http-nio-9002-exec-10] c.t.s.m.S.selectList                     : ==> Parameters: 1(Integer)
2022-07-08 08:03:19.738 DEBUG 1664 --- [http-nio-9002-exec-10] c.t.s.m.S.selectList                     : <==      Total: 7
2022-07-08 08:03:19.739 DEBUG 1664 --- [http-nio-9002-exec-10] c.t.s.mapper.KindMapper.selectList       : ==>  Preparing: SELECT kno,kname FROM kind 
2022-07-08 08:03:19.739 DEBUG 1664 --- [http-nio-9002-exec-10] c.t.s.mapper.KindMapper.selectList       : ==> Parameters: 
2022-07-08 08:03:19.741 DEBUG 1664 --- [http-nio-9002-exec-10] c.t.s.mapper.KindMapper.selectList       : <==      Total: 7
2022-07-08 08:03:19.741 DEBUG 1664 --- [http-nio-9002-exec-10] c.t.s.m.S.selectList                     : ==>  Preparing: SELECT sno,cno,tno,passed FROM sct 
2022-07-08 08:03:19.741 DEBUG 1664 --- [http-nio-9002-exec-10] c.t.s.m.S.selectList                     : ==> Parameters: 
2022-07-08 08:03:19.751 DEBUG 1664 --- [http-nio-9002-exec-10] c.t.s.m.S.selectList                     : <==      Total: 4
2022-07-08 08:03:19.752 DEBUG 1664 --- [http-nio-9002-exec-10] c.t.s.mapper.CourseMapper.selectOne      : ==>  Preparing: SELECT cno,cname,averagestar,credit,cintroduction,cpicture,kno FROM course WHERE (cno = ?) 
2022-07-08 08:03:19.753 DEBUG 1664 --- [http-nio-9002-exec-10] c.t.s.mapper.CourseMapper.selectOne      : ==> Parameters: 10001(Integer)
2022-07-08 08:03:19.754 DEBUG 1664 --- [http-nio-9002-exec-10] c.t.s.mapper.CourseMapper.selectOne      : <==      Total: 1
2022-07-08 08:03:19.756 DEBUG 1664 --- [http-nio-9002-exec-10] c.t.s.mapper.CourseMapper.selectOne      : ==>  Preparing: SELECT cno,cname,averagestar,credit,cintroduction,cpicture,kno FROM course WHERE (cno = ?) 
2022-07-08 08:03:19.756 DEBUG 1664 --- [http-nio-9002-exec-10] c.t.s.mapper.CourseMapper.selectOne      : ==> Parameters: 10002(Integer)
2022-07-08 08:03:19.758 DEBUG 1664 --- [http-nio-9002-exec-10] c.t.s.mapper.CourseMapper.selectOne      : <==      Total: 1
2022-07-08 08:03:19.758 DEBUG 1664 --- [http-nio-9002-exec-10] c.t.s.mapper.CourseMapper.selectOne      : ==>  Preparing: SELECT cno,cname,averagestar,credit,cintroduction,cpicture,kno FROM course WHERE (cno = ?) 
2022-07-08 08:03:19.759 DEBUG 1664 --- [http-nio-9002-exec-10] c.t.s.mapper.CourseMapper.selectOne      : ==> Parameters: 10004(Integer)
2022-07-08 08:03:19.760 DEBUG 1664 --- [http-nio-9002-exec-10] c.t.s.mapper.CourseMapper.selectOne      : <==      Total: 1
2022-07-08 08:03:19.761 DEBUG 1664 --- [http-nio-9002-exec-10] c.t.s.m.S.selectList                     : ==>  Preparing: SELECT sno,cno,tno FROM sctcurrent 
2022-07-08 08:03:19.761 DEBUG 1664 --- [http-nio-9002-exec-10] c.t.s.m.S.selectList                     : ==> Parameters: 
2022-07-08 08:03:19.762 DEBUG 1664 --- [http-nio-9002-exec-10] c.t.s.m.S.selectList                     : <==      Total: 1
2022-07-08 08:03:19.763 DEBUG 1664 --- [http-nio-9002-exec-10] c.t.s.mapper.CourseMapper.selectOne      : ==>  Preparing: SELECT cno,cname,averagestar,credit,cintroduction,cpicture,kno FROM course WHERE (cno = ?) 
2022-07-08 08:03:19.764 DEBUG 1664 --- [http-nio-9002-exec-10] c.t.s.mapper.CourseMapper.selectOne      : ==> Parameters: 10003(Integer)
2022-07-08 08:03:19.765 DEBUG 1664 --- [http-nio-9002-exec-10] c.t.s.mapper.CourseMapper.selectOne      : <==      Total: 1
2022-07-08 08:03:19.766 DEBUG 1664 --- [http-nio-9002-exec-10] c.t.s.mapper.KindMapper.selectOne        : ==>  Preparing: SELECT kno,kname FROM kind WHERE (kno = ?) 
2022-07-08 08:03:19.766 DEBUG 1664 --- [http-nio-9002-exec-10] c.t.s.mapper.KindMapper.selectOne        : ==> Parameters: 1(Integer)
2022-07-08 08:03:19.768 DEBUG 1664 --- [http-nio-9002-exec-10] c.t.s.mapper.KindMapper.selectOne        : <==      Total: 1
2022-07-08 08:03:19.768 DEBUG 1664 --- [http-nio-9002-exec-10] c.t.s.mapper.KindMapper.selectOne        : ==>  Preparing: SELECT kno,kname FROM kind WHERE (kno = ?) 
2022-07-08 08:03:19.769 DEBUG 1664 --- [http-nio-9002-exec-10] c.t.s.mapper.KindMapper.selectOne        : ==> Parameters: 2(Integer)
2022-07-08 08:03:19.770 DEBUG 1664 --- [http-nio-9002-exec-10] c.t.s.mapper.KindMapper.selectOne        : <==      Total: 1
2022-07-08 08:03:19.771 DEBUG 1664 --- [http-nio-9002-exec-10] c.t.s.mapper.KindMapper.selectOne        : ==>  Preparing: SELECT kno,kname FROM kind WHERE (kno = ?) 
2022-07-08 08:03:19.771 DEBUG 1664 --- [http-nio-9002-exec-10] c.t.s.mapper.KindMapper.selectOne        : ==> Parameters: 3(Integer)
2022-07-08 08:03:19.772 DEBUG 1664 --- [http-nio-9002-exec-10] c.t.s.mapper.KindMapper.selectOne        : <==      Total: 1
2022-07-08 08:03:19.774 DEBUG 1664 --- [http-nio-9002-exec-10] c.t.s.mapper.KindMapper.selectOne        : ==>  Preparing: SELECT kno,kname FROM kind WHERE (kno = ?) 
2022-07-08 08:03:19.774 DEBUG 1664 --- [http-nio-9002-exec-10] c.t.s.mapper.KindMapper.selectOne        : ==> Parameters: 4(Integer)
2022-07-08 08:03:19.775 DEBUG 1664 --- [http-nio-9002-exec-10] c.t.s.mapper.KindMapper.selectOne        : <==      Total: 1
2022-07-08 08:03:19.776 DEBUG 1664 --- [http-nio-9002-exec-10] c.t.s.mapper.KindMapper.selectOne        : ==>  Preparing: SELECT kno,kname FROM kind WHERE (kno = ?) 
2022-07-08 08:03:19.776 DEBUG 1664 --- [http-nio-9002-exec-10] c.t.s.mapper.KindMapper.selectOne        : ==> Parameters: 5(Integer)
2022-07-08 08:03:19.777 DEBUG 1664 --- [http-nio-9002-exec-10] c.t.s.mapper.KindMapper.selectOne        : <==      Total: 1
2022-07-08 08:03:19.778 DEBUG 1664 --- [http-nio-9002-exec-10] c.t.s.mapper.KindMapper.selectOne        : ==>  Preparing: SELECT kno,kname FROM kind WHERE (kno = ?) 
2022-07-08 08:03:19.778 DEBUG 1664 --- [http-nio-9002-exec-10] c.t.s.mapper.KindMapper.selectOne        : ==> Parameters: 6(Integer)
2022-07-08 08:03:19.779 DEBUG 1664 --- [http-nio-9002-exec-10] c.t.s.mapper.KindMapper.selectOne        : <==      Total: 1
2022-07-08 08:03:19.781 DEBUG 1664 --- [http-nio-9002-exec-10] c.t.s.mapper.KindMapper.selectOne        : ==>  Preparing: SELECT kno,kname FROM kind WHERE (kno = ?) 
2022-07-08 08:03:19.781 DEBUG 1664 --- [http-nio-9002-exec-10] c.t.s.mapper.KindMapper.selectOne        : ==> Parameters: 7(Integer)
2022-07-08 08:03:19.782 DEBUG 1664 --- [http-nio-9002-exec-10] c.t.s.mapper.KindMapper.selectOne        : <==      Total: 1
2022-07-08 08:03:24.073 DEBUG 1664 --- [http-nio-9002-exec-9] c.t.s.mapper.StudentMapper.selectOne     : ==>  Preparing: SELECT sno,spno,sname,username,password,phonenumber,spicture,sex,grade FROM student WHERE (sno = ?) 
2022-07-08 08:03:24.073 DEBUG 1664 --- [http-nio-9002-exec-9] c.t.s.mapper.StudentMapper.selectOne     : ==> Parameters: 2019001(Integer)
2022-07-08 08:03:24.075 DEBUG 1664 --- [http-nio-9002-exec-9] c.t.s.mapper.StudentMapper.selectOne     : <==      Total: 1
2022-07-08 08:03:24.076 DEBUG 1664 --- [http-nio-9002-exec-9] c.t.s.m.S.selectList                     : ==>  Preparing: SELECT spno,kno,credit FROM spkcredit WHERE (spno = ?) 
2022-07-08 08:03:24.076 DEBUG 1664 --- [http-nio-9002-exec-9] c.t.s.m.S.selectList                     : ==> Parameters: 1(Integer)
2022-07-08 08:03:24.078 DEBUG 1664 --- [http-nio-9002-exec-9] c.t.s.m.S.selectList                     : <==      Total: 7
2022-07-08 08:03:24.079 DEBUG 1664 --- [http-nio-9002-exec-9] c.t.s.mapper.KindMapper.selectList       : ==>  Preparing: SELECT kno,kname FROM kind 
2022-07-08 08:03:24.079 DEBUG 1664 --- [http-nio-9002-exec-9] c.t.s.mapper.KindMapper.selectList       : ==> Parameters: 
2022-07-08 08:03:24.080 DEBUG 1664 --- [http-nio-9002-exec-9] c.t.s.mapper.KindMapper.selectList       : <==      Total: 7
2022-07-08 08:03:24.081 DEBUG 1664 --- [http-nio-9002-exec-9] c.t.s.m.S.selectList                     : ==>  Preparing: SELECT sno,cno,tno,passed FROM sct 
2022-07-08 08:03:24.081 DEBUG 1664 --- [http-nio-9002-exec-9] c.t.s.m.S.selectList                     : ==> Parameters: 
2022-07-08 08:03:24.083 DEBUG 1664 --- [http-nio-9002-exec-9] c.t.s.m.S.selectList                     : <==      Total: 4
2022-07-08 08:03:24.084 DEBUG 1664 --- [http-nio-9002-exec-9] c.t.s.mapper.CourseMapper.selectOne      : ==>  Preparing: SELECT cno,cname,averagestar,credit,cintroduction,cpicture,kno FROM course WHERE (cno = ?) 
2022-07-08 08:03:24.084 DEBUG 1664 --- [http-nio-9002-exec-9] c.t.s.mapper.CourseMapper.selectOne      : ==> Parameters: 10001(Integer)
2022-07-08 08:03:24.085 DEBUG 1664 --- [http-nio-9002-exec-9] c.t.s.mapper.CourseMapper.selectOne      : <==      Total: 1
2022-07-08 08:03:24.086 DEBUG 1664 --- [http-nio-9002-exec-9] c.t.s.mapper.CourseMapper.selectOne      : ==>  Preparing: SELECT cno,cname,averagestar,credit,cintroduction,cpicture,kno FROM course WHERE (cno = ?) 
2022-07-08 08:03:24.086 DEBUG 1664 --- [http-nio-9002-exec-9] c.t.s.mapper.CourseMapper.selectOne      : ==> Parameters: 10002(Integer)
2022-07-08 08:03:24.088 DEBUG 1664 --- [http-nio-9002-exec-9] c.t.s.mapper.CourseMapper.selectOne      : <==      Total: 1
2022-07-08 08:03:24.089 DEBUG 1664 --- [http-nio-9002-exec-9] c.t.s.mapper.CourseMapper.selectOne      : ==>  Preparing: SELECT cno,cname,averagestar,credit,cintroduction,cpicture,kno FROM course WHERE (cno = ?) 
2022-07-08 08:03:24.089 DEBUG 1664 --- [http-nio-9002-exec-9] c.t.s.mapper.CourseMapper.selectOne      : ==> Parameters: 10004(Integer)
2022-07-08 08:03:24.091 DEBUG 1664 --- [http-nio-9002-exec-9] c.t.s.mapper.CourseMapper.selectOne      : <==      Total: 1
2022-07-08 08:03:24.091 DEBUG 1664 --- [http-nio-9002-exec-9] c.t.s.m.S.selectList                     : ==>  Preparing: SELECT sno,cno,tno FROM sctcurrent 
2022-07-08 08:03:24.091 DEBUG 1664 --- [http-nio-9002-exec-9] c.t.s.m.S.selectList                     : ==> Parameters: 
2022-07-08 08:03:24.093 DEBUG 1664 --- [http-nio-9002-exec-9] c.t.s.m.S.selectList                     : <==      Total: 1
2022-07-08 08:03:24.094 DEBUG 1664 --- [http-nio-9002-exec-9] c.t.s.mapper.CourseMapper.selectOne      : ==>  Preparing: SELECT cno,cname,averagestar,credit,cintroduction,cpicture,kno FROM course WHERE (cno = ?) 
2022-07-08 08:03:24.094 DEBUG 1664 --- [http-nio-9002-exec-9] c.t.s.mapper.CourseMapper.selectOne      : ==> Parameters: 10003(Integer)
2022-07-08 08:03:24.096 DEBUG 1664 --- [http-nio-9002-exec-9] c.t.s.mapper.CourseMapper.selectOne      : <==      Total: 1
2022-07-08 08:03:24.097 DEBUG 1664 --- [http-nio-9002-exec-9] c.t.s.mapper.KindMapper.selectOne        : ==>  Preparing: SELECT kno,kname FROM kind WHERE (kno = ?) 
2022-07-08 08:03:24.097 DEBUG 1664 --- [http-nio-9002-exec-9] c.t.s.mapper.KindMapper.selectOne        : ==> Parameters: 1(Integer)
2022-07-08 08:03:24.098 DEBUG 1664 --- [http-nio-9002-exec-9] c.t.s.mapper.KindMapper.selectOne        : <==      Total: 1
2022-07-08 08:03:24.099 DEBUG 1664 --- [http-nio-9002-exec-9] c.t.s.mapper.KindMapper.selectOne        : ==>  Preparing: SELECT kno,kname FROM kind WHERE (kno = ?) 
2022-07-08 08:03:24.099 DEBUG 1664 --- [http-nio-9002-exec-9] c.t.s.mapper.KindMapper.selectOne        : ==> Parameters: 2(Integer)
2022-07-08 08:03:24.100 DEBUG 1664 --- [http-nio-9002-exec-9] c.t.s.mapper.KindMapper.selectOne        : <==      Total: 1
2022-07-08 08:03:24.101 DEBUG 1664 --- [http-nio-9002-exec-9] c.t.s.mapper.KindMapper.selectOne        : ==>  Preparing: SELECT kno,kname FROM kind WHERE (kno = ?) 
2022-07-08 08:03:24.101 DEBUG 1664 --- [http-nio-9002-exec-9] c.t.s.mapper.KindMapper.selectOne        : ==> Parameters: 3(Integer)
2022-07-08 08:03:24.104 DEBUG 1664 --- [http-nio-9002-exec-9] c.t.s.mapper.KindMapper.selectOne        : <==      Total: 1
2022-07-08 08:03:24.104 DEBUG 1664 --- [http-nio-9002-exec-9] c.t.s.mapper.KindMapper.selectOne        : ==>  Preparing: SELECT kno,kname FROM kind WHERE (kno = ?) 
2022-07-08 08:03:24.104 DEBUG 1664 --- [http-nio-9002-exec-9] c.t.s.mapper.KindMapper.selectOne        : ==> Parameters: 4(Integer)
2022-07-08 08:03:24.106 DEBUG 1664 --- [http-nio-9002-exec-9] c.t.s.mapper.KindMapper.selectOne        : <==      Total: 1
2022-07-08 08:03:24.107 DEBUG 1664 --- [http-nio-9002-exec-9] c.t.s.mapper.KindMapper.selectOne        : ==>  Preparing: SELECT kno,kname FROM kind WHERE (kno = ?) 
2022-07-08 08:03:24.107 DEBUG 1664 --- [http-nio-9002-exec-9] c.t.s.mapper.KindMapper.selectOne        : ==> Parameters: 5(Integer)
2022-07-08 08:03:24.113 DEBUG 1664 --- [http-nio-9002-exec-9] c.t.s.mapper.KindMapper.selectOne        : <==      Total: 1
2022-07-08 08:03:24.116 DEBUG 1664 --- [http-nio-9002-exec-9] c.t.s.mapper.KindMapper.selectOne        : ==>  Preparing: SELECT kno,kname FROM kind WHERE (kno = ?) 
2022-07-08 08:03:24.116 DEBUG 1664 --- [http-nio-9002-exec-9] c.t.s.mapper.KindMapper.selectOne        : ==> Parameters: 6(Integer)
2022-07-08 08:03:24.117 DEBUG 1664 --- [http-nio-9002-exec-9] c.t.s.mapper.KindMapper.selectOne        : <==      Total: 1
2022-07-08 08:03:24.118 DEBUG 1664 --- [http-nio-9002-exec-9] c.t.s.mapper.KindMapper.selectOne        : ==>  Preparing: SELECT kno,kname FROM kind WHERE (kno = ?) 
2022-07-08 08:03:24.119 DEBUG 1664 --- [http-nio-9002-exec-9] c.t.s.mapper.KindMapper.selectOne        : ==> Parameters: 7(Integer)
2022-07-08 08:03:24.120 DEBUG 1664 --- [http-nio-9002-exec-9] c.t.s.mapper.KindMapper.selectOne        : <==      Total: 1
2022-07-08 08:03:40.611 DEBUG 1664 --- [http-nio-9002-exec-3] c.t.s.mapper.StudentMapper.selectOne     : ==>  Preparing: SELECT sno,spno,sname,username,password,phonenumber,spicture,sex,grade FROM student WHERE (sno = ?) 
2022-07-08 08:03:40.611 DEBUG 1664 --- [http-nio-9002-exec-3] c.t.s.mapper.StudentMapper.selectOne     : ==> Parameters: 2019001(Integer)
2022-07-08 08:03:40.612 DEBUG 1664 --- [http-nio-9002-exec-3] c.t.s.mapper.StudentMapper.selectOne     : <==      Total: 1
2022-07-08 08:03:40.614 DEBUG 1664 --- [http-nio-9002-exec-3] c.t.s.m.S.selectList                     : ==>  Preparing: SELECT spno,kno,credit FROM spkcredit WHERE (spno = ?) 
2022-07-08 08:03:40.614 DEBUG 1664 --- [http-nio-9002-exec-3] c.t.s.m.S.selectList                     : ==> Parameters: 1(Integer)
2022-07-08 08:03:40.616 DEBUG 1664 --- [http-nio-9002-exec-3] c.t.s.m.S.selectList                     : <==      Total: 7
2022-07-08 08:03:40.616 DEBUG 1664 --- [http-nio-9002-exec-3] c.t.s.mapper.KindMapper.selectList       : ==>  Preparing: SELECT kno,kname FROM kind 
2022-07-08 08:03:40.616 DEBUG 1664 --- [http-nio-9002-exec-3] c.t.s.mapper.KindMapper.selectList       : ==> Parameters: 
2022-07-08 08:03:40.617 DEBUG 1664 --- [http-nio-9002-exec-3] c.t.s.mapper.KindMapper.selectList       : <==      Total: 7
2022-07-08 08:03:40.618 DEBUG 1664 --- [http-nio-9002-exec-3] c.t.s.m.S.selectList                     : ==>  Preparing: SELECT sno,cno,tno,passed FROM sct 
2022-07-08 08:03:40.618 DEBUG 1664 --- [http-nio-9002-exec-3] c.t.s.m.S.selectList                     : ==> Parameters: 
2022-07-08 08:03:40.619 DEBUG 1664 --- [http-nio-9002-exec-3] c.t.s.m.S.selectList                     : <==      Total: 4
2022-07-08 08:03:40.620 DEBUG 1664 --- [http-nio-9002-exec-3] c.t.s.mapper.CourseMapper.selectOne      : ==>  Preparing: SELECT cno,cname,averagestar,credit,cintroduction,cpicture,kno FROM course WHERE (cno = ?) 
2022-07-08 08:03:40.620 DEBUG 1664 --- [http-nio-9002-exec-3] c.t.s.mapper.CourseMapper.selectOne      : ==> Parameters: 10001(Integer)
2022-07-08 08:03:40.621 DEBUG 1664 --- [http-nio-9002-exec-3] c.t.s.mapper.CourseMapper.selectOne      : <==      Total: 1
2022-07-08 08:03:40.622 DEBUG 1664 --- [http-nio-9002-exec-3] c.t.s.mapper.CourseMapper.selectOne      : ==>  Preparing: SELECT cno,cname,averagestar,credit,cintroduction,cpicture,kno FROM course WHERE (cno = ?) 
2022-07-08 08:03:40.623 DEBUG 1664 --- [http-nio-9002-exec-3] c.t.s.mapper.CourseMapper.selectOne      : ==> Parameters: 10002(Integer)
2022-07-08 08:03:40.624 DEBUG 1664 --- [http-nio-9002-exec-3] c.t.s.mapper.CourseMapper.selectOne      : <==      Total: 1
2022-07-08 08:03:40.625 DEBUG 1664 --- [http-nio-9002-exec-3] c.t.s.mapper.CourseMapper.selectOne      : ==>  Preparing: SELECT cno,cname,averagestar,credit,cintroduction,cpicture,kno FROM course WHERE (cno = ?) 
2022-07-08 08:03:40.625 DEBUG 1664 --- [http-nio-9002-exec-3] c.t.s.mapper.CourseMapper.selectOne      : ==> Parameters: 10004(Integer)
2022-07-08 08:03:40.626 DEBUG 1664 --- [http-nio-9002-exec-3] c.t.s.mapper.CourseMapper.selectOne      : <==      Total: 1
2022-07-08 08:03:40.627 DEBUG 1664 --- [http-nio-9002-exec-3] c.t.s.m.S.selectList                     : ==>  Preparing: SELECT sno,cno,tno FROM sctcurrent 
2022-07-08 08:03:40.627 DEBUG 1664 --- [http-nio-9002-exec-3] c.t.s.m.S.selectList                     : ==> Parameters: 
2022-07-08 08:03:40.629 DEBUG 1664 --- [http-nio-9002-exec-3] c.t.s.m.S.selectList                     : <==      Total: 1
2022-07-08 08:03:40.630 DEBUG 1664 --- [http-nio-9002-exec-3] c.t.s.mapper.CourseMapper.selectOne      : ==>  Preparing: SELECT cno,cname,averagestar,credit,cintroduction,cpicture,kno FROM course WHERE (cno = ?) 
2022-07-08 08:03:40.630 DEBUG 1664 --- [http-nio-9002-exec-3] c.t.s.mapper.CourseMapper.selectOne      : ==> Parameters: 10003(Integer)
2022-07-08 08:03:40.631 DEBUG 1664 --- [http-nio-9002-exec-3] c.t.s.mapper.CourseMapper.selectOne      : <==      Total: 1
2022-07-08 08:03:40.632 DEBUG 1664 --- [http-nio-9002-exec-3] c.t.s.mapper.KindMapper.selectOne        : ==>  Preparing: SELECT kno,kname FROM kind WHERE (kno = ?) 
2022-07-08 08:03:40.632 DEBUG 1664 --- [http-nio-9002-exec-3] c.t.s.mapper.KindMapper.selectOne        : ==> Parameters: 1(Integer)
2022-07-08 08:03:40.634 DEBUG 1664 --- [http-nio-9002-exec-3] c.t.s.mapper.KindMapper.selectOne        : <==      Total: 1
2022-07-08 08:03:40.634 DEBUG 1664 --- [http-nio-9002-exec-3] c.t.s.mapper.KindMapper.selectOne        : ==>  Preparing: SELECT kno,kname FROM kind WHERE (kno = ?) 
2022-07-08 08:03:40.635 DEBUG 1664 --- [http-nio-9002-exec-3] c.t.s.mapper.KindMapper.selectOne        : ==> Parameters: 2(Integer)
2022-07-08 08:03:40.636 DEBUG 1664 --- [http-nio-9002-exec-3] c.t.s.mapper.KindMapper.selectOne        : <==      Total: 1
2022-07-08 08:03:40.637 DEBUG 1664 --- [http-nio-9002-exec-3] c.t.s.mapper.KindMapper.selectOne        : ==>  Preparing: SELECT kno,kname FROM kind WHERE (kno = ?) 
2022-07-08 08:03:40.637 DEBUG 1664 --- [http-nio-9002-exec-3] c.t.s.mapper.KindMapper.selectOne        : ==> Parameters: 3(Integer)
2022-07-08 08:03:40.638 DEBUG 1664 --- [http-nio-9002-exec-3] c.t.s.mapper.KindMapper.selectOne        : <==      Total: 1
2022-07-08 08:03:40.639 DEBUG 1664 --- [http-nio-9002-exec-3] c.t.s.mapper.KindMapper.selectOne        : ==>  Preparing: SELECT kno,kname FROM kind WHERE (kno = ?) 
2022-07-08 08:03:40.639 DEBUG 1664 --- [http-nio-9002-exec-3] c.t.s.mapper.KindMapper.selectOne        : ==> Parameters: 4(Integer)
2022-07-08 08:03:40.640 DEBUG 1664 --- [http-nio-9002-exec-3] c.t.s.mapper.KindMapper.selectOne        : <==      Total: 1
2022-07-08 08:03:40.641 DEBUG 1664 --- [http-nio-9002-exec-3] c.t.s.mapper.KindMapper.selectOne        : ==>  Preparing: SELECT kno,kname FROM kind WHERE (kno = ?) 
2022-07-08 08:03:40.641 DEBUG 1664 --- [http-nio-9002-exec-3] c.t.s.mapper.KindMapper.selectOne        : ==> Parameters: 5(Integer)
2022-07-08 08:03:40.641 DEBUG 1664 --- [http-nio-9002-exec-3] c.t.s.mapper.KindMapper.selectOne        : <==      Total: 1
2022-07-08 08:03:40.642 DEBUG 1664 --- [http-nio-9002-exec-3] c.t.s.mapper.KindMapper.selectOne        : ==>  Preparing: SELECT kno,kname FROM kind WHERE (kno = ?) 
2022-07-08 08:03:40.642 DEBUG 1664 --- [http-nio-9002-exec-3] c.t.s.mapper.KindMapper.selectOne        : ==> Parameters: 6(Integer)
2022-07-08 08:03:40.643 DEBUG 1664 --- [http-nio-9002-exec-3] c.t.s.mapper.KindMapper.selectOne        : <==      Total: 1
2022-07-08 08:03:40.643 DEBUG 1664 --- [http-nio-9002-exec-3] c.t.s.mapper.KindMapper.selectOne        : ==>  Preparing: SELECT kno,kname FROM kind WHERE (kno = ?) 
2022-07-08 08:03:40.643 DEBUG 1664 --- [http-nio-9002-exec-3] c.t.s.mapper.KindMapper.selectOne        : ==> Parameters: 7(Integer)
2022-07-08 08:03:40.643 DEBUG 1664 --- [http-nio-9002-exec-3] c.t.s.mapper.KindMapper.selectOne        : <==      Total: 1
2022-07-08 08:03:46.716 DEBUG 1664 --- [http-nio-9002-exec-2] c.t.s.mapper.StudentMapper.selectOne     : ==>  Preparing: SELECT sno,spno,sname,username,password,phonenumber,spicture,sex,grade FROM student WHERE (sno = ?) 
2022-07-08 08:03:46.717 DEBUG 1664 --- [http-nio-9002-exec-2] c.t.s.mapper.StudentMapper.selectOne     : ==> Parameters: 2019001(Integer)
2022-07-08 08:03:46.718 DEBUG 1664 --- [http-nio-9002-exec-2] c.t.s.mapper.StudentMapper.selectOne     : <==      Total: 1
2022-07-08 08:03:46.719 DEBUG 1664 --- [http-nio-9002-exec-2] c.t.s.m.S.selectList                     : ==>  Preparing: SELECT spno,kno,credit FROM spkcredit WHERE (spno = ?) 
2022-07-08 08:03:46.720 DEBUG 1664 --- [http-nio-9002-exec-2] c.t.s.m.S.selectList                     : ==> Parameters: 1(Integer)
2022-07-08 08:03:46.721 DEBUG 1664 --- [http-nio-9002-exec-2] c.t.s.m.S.selectList                     : <==      Total: 7
2022-07-08 08:03:46.722 DEBUG 1664 --- [http-nio-9002-exec-2] c.t.s.mapper.KindMapper.selectList       : ==>  Preparing: SELECT kno,kname FROM kind 
2022-07-08 08:03:46.722 DEBUG 1664 --- [http-nio-9002-exec-2] c.t.s.mapper.KindMapper.selectList       : ==> Parameters: 
2022-07-08 08:03:46.723 DEBUG 1664 --- [http-nio-9002-exec-2] c.t.s.mapper.KindMapper.selectList       : <==      Total: 7
2022-07-08 08:03:46.723 DEBUG 1664 --- [http-nio-9002-exec-2] c.t.s.m.S.selectList                     : ==>  Preparing: SELECT sno,cno,tno,passed FROM sct 
2022-07-08 08:03:46.724 DEBUG 1664 --- [http-nio-9002-exec-2] c.t.s.m.S.selectList                     : ==> Parameters: 
2022-07-08 08:03:46.725 DEBUG 1664 --- [http-nio-9002-exec-2] c.t.s.m.S.selectList                     : <==      Total: 4
2022-07-08 08:03:46.726 DEBUG 1664 --- [http-nio-9002-exec-2] c.t.s.mapper.CourseMapper.selectOne      : ==>  Preparing: SELECT cno,cname,averagestar,credit,cintroduction,cpicture,kno FROM course WHERE (cno = ?) 
2022-07-08 08:03:46.726 DEBUG 1664 --- [http-nio-9002-exec-2] c.t.s.mapper.CourseMapper.selectOne      : ==> Parameters: 10001(Integer)
2022-07-08 08:03:46.727 DEBUG 1664 --- [http-nio-9002-exec-2] c.t.s.mapper.CourseMapper.selectOne      : <==      Total: 1
2022-07-08 08:03:46.728 DEBUG 1664 --- [http-nio-9002-exec-2] c.t.s.mapper.CourseMapper.selectOne      : ==>  Preparing: SELECT cno,cname,averagestar,credit,cintroduction,cpicture,kno FROM course WHERE (cno = ?) 
2022-07-08 08:03:46.729 DEBUG 1664 --- [http-nio-9002-exec-2] c.t.s.mapper.CourseMapper.selectOne      : ==> Parameters: 10002(Integer)
2022-07-08 08:03:46.731 DEBUG 1664 --- [http-nio-9002-exec-2] c.t.s.mapper.CourseMapper.selectOne      : <==      Total: 1
2022-07-08 08:03:46.732 DEBUG 1664 --- [http-nio-9002-exec-2] c.t.s.mapper.CourseMapper.selectOne      : ==>  Preparing: SELECT cno,cname,averagestar,credit,cintroduction,cpicture,kno FROM course WHERE (cno = ?) 
2022-07-08 08:03:46.732 DEBUG 1664 --- [http-nio-9002-exec-2] c.t.s.mapper.CourseMapper.selectOne      : ==> Parameters: 10004(Integer)
2022-07-08 08:03:46.734 DEBUG 1664 --- [http-nio-9002-exec-2] c.t.s.mapper.CourseMapper.selectOne      : <==      Total: 1
2022-07-08 08:03:46.734 DEBUG 1664 --- [http-nio-9002-exec-2] c.t.s.m.S.selectList                     : ==>  Preparing: SELECT sno,cno,tno FROM sctcurrent 
2022-07-08 08:03:46.734 DEBUG 1664 --- [http-nio-9002-exec-2] c.t.s.m.S.selectList                     : ==> Parameters: 
2022-07-08 08:03:46.735 DEBUG 1664 --- [http-nio-9002-exec-2] c.t.s.m.S.selectList                     : <==      Total: 1
2022-07-08 08:03:46.736 DEBUG 1664 --- [http-nio-9002-exec-2] c.t.s.mapper.CourseMapper.selectOne      : ==>  Preparing: SELECT cno,cname,averagestar,credit,cintroduction,cpicture,kno FROM course WHERE (cno = ?) 
2022-07-08 08:03:46.736 DEBUG 1664 --- [http-nio-9002-exec-2] c.t.s.mapper.CourseMapper.selectOne      : ==> Parameters: 10003(Integer)
2022-07-08 08:03:46.737 DEBUG 1664 --- [http-nio-9002-exec-2] c.t.s.mapper.CourseMapper.selectOne      : <==      Total: 1
2022-07-08 08:03:46.738 DEBUG 1664 --- [http-nio-9002-exec-2] c.t.s.mapper.KindMapper.selectOne        : ==>  Preparing: SELECT kno,kname FROM kind WHERE (kno = ?) 
2022-07-08 08:03:46.738 DEBUG 1664 --- [http-nio-9002-exec-2] c.t.s.mapper.KindMapper.selectOne        : ==> Parameters: 1(Integer)
2022-07-08 08:03:46.739 DEBUG 1664 --- [http-nio-9002-exec-2] c.t.s.mapper.KindMapper.selectOne        : <==      Total: 1
2022-07-08 08:03:46.740 DEBUG 1664 --- [http-nio-9002-exec-2] c.t.s.mapper.KindMapper.selectOne        : ==>  Preparing: SELECT kno,kname FROM kind WHERE (kno = ?) 
2022-07-08 08:03:46.741 DEBUG 1664 --- [http-nio-9002-exec-2] c.t.s.mapper.KindMapper.selectOne        : ==> Parameters: 2(Integer)
2022-07-08 08:03:46.742 DEBUG 1664 --- [http-nio-9002-exec-2] c.t.s.mapper.KindMapper.selectOne        : <==      Total: 1
2022-07-08 08:03:46.743 DEBUG 1664 --- [http-nio-9002-exec-2] c.t.s.mapper.KindMapper.selectOne        : ==>  Preparing: SELECT kno,kname FROM kind WHERE (kno = ?) 
2022-07-08 08:03:46.743 DEBUG 1664 --- [http-nio-9002-exec-2] c.t.s.mapper.KindMapper.selectOne        : ==> Parameters: 3(Integer)
2022-07-08 08:03:46.745 DEBUG 1664 --- [http-nio-9002-exec-2] c.t.s.mapper.KindMapper.selectOne        : <==      Total: 1
2022-07-08 08:03:46.746 DEBUG 1664 --- [http-nio-9002-exec-2] c.t.s.mapper.KindMapper.selectOne        : ==>  Preparing: SELECT kno,kname FROM kind WHERE (kno = ?) 
2022-07-08 08:03:46.746 DEBUG 1664 --- [http-nio-9002-exec-2] c.t.s.mapper.KindMapper.selectOne        : ==> Parameters: 4(Integer)
2022-07-08 08:03:46.748 DEBUG 1664 --- [http-nio-9002-exec-2] c.t.s.mapper.KindMapper.selectOne        : <==      Total: 1
2022-07-08 08:03:46.749 DEBUG 1664 --- [http-nio-9002-exec-2] c.t.s.mapper.KindMapper.selectOne        : ==>  Preparing: SELECT kno,kname FROM kind WHERE (kno = ?) 
2022-07-08 08:03:46.749 DEBUG 1664 --- [http-nio-9002-exec-2] c.t.s.mapper.KindMapper.selectOne        : ==> Parameters: 5(Integer)
2022-07-08 08:03:46.750 DEBUG 1664 --- [http-nio-9002-exec-2] c.t.s.mapper.KindMapper.selectOne        : <==      Total: 1
2022-07-08 08:03:46.751 DEBUG 1664 --- [http-nio-9002-exec-2] c.t.s.mapper.KindMapper.selectOne        : ==>  Preparing: SELECT kno,kname FROM kind WHERE (kno = ?) 
2022-07-08 08:03:46.751 DEBUG 1664 --- [http-nio-9002-exec-2] c.t.s.mapper.KindMapper.selectOne        : ==> Parameters: 6(Integer)
2022-07-08 08:03:46.752 DEBUG 1664 --- [http-nio-9002-exec-2] c.t.s.mapper.KindMapper.selectOne        : <==      Total: 1
2022-07-08 08:03:46.752 DEBUG 1664 --- [http-nio-9002-exec-2] c.t.s.mapper.KindMapper.selectOne        : ==>  Preparing: SELECT kno,kname FROM kind WHERE (kno = ?) 
2022-07-08 08:03:46.753 DEBUG 1664 --- [http-nio-9002-exec-2] c.t.s.mapper.KindMapper.selectOne        : ==> Parameters: 7(Integer)
2022-07-08 08:03:46.753 DEBUG 1664 --- [http-nio-9002-exec-2] c.t.s.mapper.KindMapper.selectOne        : <==      Total: 1
2022-07-08 08:03:50.332 DEBUG 1664 --- [http-nio-9002-exec-6] c.t.s.mapper.StudentMapper.selectOne     : ==>  Preparing: SELECT sno,spno,sname,username,password,phonenumber,spicture,sex,grade FROM student WHERE (sno = ?) 
2022-07-08 08:03:50.333 DEBUG 1664 --- [http-nio-9002-exec-6] c.t.s.mapper.StudentMapper.selectOne     : ==> Parameters: 2019001(Integer)
2022-07-08 08:03:50.335 DEBUG 1664 --- [http-nio-9002-exec-6] c.t.s.mapper.StudentMapper.selectOne     : <==      Total: 1
2022-07-08 08:03:50.336 DEBUG 1664 --- [http-nio-9002-exec-6] c.t.s.m.S.selectList                     : ==>  Preparing: SELECT spno,kno,credit FROM spkcredit WHERE (spno = ?) 
2022-07-08 08:03:50.336 DEBUG 1664 --- [http-nio-9002-exec-6] c.t.s.m.S.selectList                     : ==> Parameters: 1(Integer)
2022-07-08 08:03:50.338 DEBUG 1664 --- [http-nio-9002-exec-6] c.t.s.m.S.selectList                     : <==      Total: 7
2022-07-08 08:03:50.338 DEBUG 1664 --- [http-nio-9002-exec-6] c.t.s.mapper.KindMapper.selectList       : ==>  Preparing: SELECT kno,kname FROM kind 
2022-07-08 08:03:50.338 DEBUG 1664 --- [http-nio-9002-exec-6] c.t.s.mapper.KindMapper.selectList       : ==> Parameters: 
2022-07-08 08:03:50.341 DEBUG 1664 --- [http-nio-9002-exec-6] c.t.s.mapper.KindMapper.selectList       : <==      Total: 7
2022-07-08 08:03:50.341 DEBUG 1664 --- [http-nio-9002-exec-6] c.t.s.m.S.selectList                     : ==>  Preparing: SELECT sno,cno,tno,passed FROM sct 
2022-07-08 08:03:50.342 DEBUG 1664 --- [http-nio-9002-exec-6] c.t.s.m.S.selectList                     : ==> Parameters: 
2022-07-08 08:03:50.343 DEBUG 1664 --- [http-nio-9002-exec-6] c.t.s.m.S.selectList                     : <==      Total: 4
2022-07-08 08:03:50.344 DEBUG 1664 --- [http-nio-9002-exec-6] c.t.s.mapper.CourseMapper.selectOne      : ==>  Preparing: SELECT cno,cname,averagestar,credit,cintroduction,cpicture,kno FROM course WHERE (cno = ?) 
2022-07-08 08:03:50.345 DEBUG 1664 --- [http-nio-9002-exec-6] c.t.s.mapper.CourseMapper.selectOne      : ==> Parameters: 10001(Integer)
2022-07-08 08:03:50.346 DEBUG 1664 --- [http-nio-9002-exec-6] c.t.s.mapper.CourseMapper.selectOne      : <==      Total: 1
2022-07-08 08:03:50.347 DEBUG 1664 --- [http-nio-9002-exec-6] c.t.s.mapper.CourseMapper.selectOne      : ==>  Preparing: SELECT cno,cname,averagestar,credit,cintroduction,cpicture,kno FROM course WHERE (cno = ?) 
2022-07-08 08:03:50.347 DEBUG 1664 --- [http-nio-9002-exec-6] c.t.s.mapper.CourseMapper.selectOne      : ==> Parameters: 10002(Integer)
2022-07-08 08:03:50.349 DEBUG 1664 --- [http-nio-9002-exec-6] c.t.s.mapper.CourseMapper.selectOne      : <==      Total: 1
2022-07-08 08:03:50.350 DEBUG 1664 --- [http-nio-9002-exec-6] c.t.s.mapper.CourseMapper.selectOne      : ==>  Preparing: SELECT cno,cname,averagestar,credit,cintroduction,cpicture,kno FROM course WHERE (cno = ?) 
2022-07-08 08:03:50.350 DEBUG 1664 --- [http-nio-9002-exec-6] c.t.s.mapper.CourseMapper.selectOne      : ==> Parameters: 10004(Integer)
2022-07-08 08:03:50.352 DEBUG 1664 --- [http-nio-9002-exec-6] c.t.s.mapper.CourseMapper.selectOne      : <==      Total: 1
2022-07-08 08:03:50.353 DEBUG 1664 --- [http-nio-9002-exec-6] c.t.s.m.S.selectList                     : ==>  Preparing: SELECT sno,cno,tno FROM sctcurrent 
2022-07-08 08:03:50.353 DEBUG 1664 --- [http-nio-9002-exec-6] c.t.s.m.S.selectList                     : ==> Parameters: 
2022-07-08 08:03:50.354 DEBUG 1664 --- [http-nio-9002-exec-6] c.t.s.m.S.selectList                     : <==      Total: 1
2022-07-08 08:03:50.355 DEBUG 1664 --- [http-nio-9002-exec-6] c.t.s.mapper.CourseMapper.selectOne      : ==>  Preparing: SELECT cno,cname,averagestar,credit,cintroduction,cpicture,kno FROM course WHERE (cno = ?) 
2022-07-08 08:03:50.356 DEBUG 1664 --- [http-nio-9002-exec-6] c.t.s.mapper.CourseMapper.selectOne      : ==> Parameters: 10003(Integer)
2022-07-08 08:03:50.357 DEBUG 1664 --- [http-nio-9002-exec-6] c.t.s.mapper.CourseMapper.selectOne      : <==      Total: 1
2022-07-08 08:03:50.358 DEBUG 1664 --- [http-nio-9002-exec-6] c.t.s.mapper.KindMapper.selectOne        : ==>  Preparing: SELECT kno,kname FROM kind WHERE (kno = ?) 
2022-07-08 08:03:50.359 DEBUG 1664 --- [http-nio-9002-exec-6] c.t.s.mapper.KindMapper.selectOne        : ==> Parameters: 1(Integer)
2022-07-08 08:03:50.360 DEBUG 1664 --- [http-nio-9002-exec-6] c.t.s.mapper.KindMapper.selectOne        : <==      Total: 1
2022-07-08 08:03:50.361 DEBUG 1664 --- [http-nio-9002-exec-6] c.t.s.mapper.KindMapper.selectOne        : ==>  Preparing: SELECT kno,kname FROM kind WHERE (kno = ?) 
2022-07-08 08:03:50.362 DEBUG 1664 --- [http-nio-9002-exec-6] c.t.s.mapper.KindMapper.selectOne        : ==> Parameters: 2(Integer)
2022-07-08 08:03:50.363 DEBUG 1664 --- [http-nio-9002-exec-6] c.t.s.mapper.KindMapper.selectOne        : <==      Total: 1
2022-07-08 08:03:50.363 DEBUG 1664 --- [http-nio-9002-exec-6] c.t.s.mapper.KindMapper.selectOne        : ==>  Preparing: SELECT kno,kname FROM kind WHERE (kno = ?) 
2022-07-08 08:03:50.363 DEBUG 1664 --- [http-nio-9002-exec-6] c.t.s.mapper.KindMapper.selectOne        : ==> Parameters: 3(Integer)
2022-07-08 08:03:50.365 DEBUG 1664 --- [http-nio-9002-exec-6] c.t.s.mapper.KindMapper.selectOne        : <==      Total: 1
2022-07-08 08:03:50.365 DEBUG 1664 --- [http-nio-9002-exec-6] c.t.s.mapper.KindMapper.selectOne        : ==>  Preparing: SELECT kno,kname FROM kind WHERE (kno = ?) 
2022-07-08 08:03:50.366 DEBUG 1664 --- [http-nio-9002-exec-6] c.t.s.mapper.KindMapper.selectOne        : ==> Parameters: 4(Integer)
2022-07-08 08:03:50.367 DEBUG 1664 --- [http-nio-9002-exec-6] c.t.s.mapper.KindMapper.selectOne        : <==      Total: 1
2022-07-08 08:03:50.368 DEBUG 1664 --- [http-nio-9002-exec-6] c.t.s.mapper.KindMapper.selectOne        : ==>  Preparing: SELECT kno,kname FROM kind WHERE (kno = ?) 
2022-07-08 08:03:50.368 DEBUG 1664 --- [http-nio-9002-exec-6] c.t.s.mapper.KindMapper.selectOne        : ==> Parameters: 5(Integer)
2022-07-08 08:03:50.369 DEBUG 1664 --- [http-nio-9002-exec-6] c.t.s.mapper.KindMapper.selectOne        : <==      Total: 1
2022-07-08 08:03:50.370 DEBUG 1664 --- [http-nio-9002-exec-6] c.t.s.mapper.KindMapper.selectOne        : ==>  Preparing: SELECT kno,kname FROM kind WHERE (kno = ?) 
2022-07-08 08:03:50.370 DEBUG 1664 --- [http-nio-9002-exec-6] c.t.s.mapper.KindMapper.selectOne        : ==> Parameters: 6(Integer)
2022-07-08 08:03:50.371 DEBUG 1664 --- [http-nio-9002-exec-6] c.t.s.mapper.KindMapper.selectOne        : <==      Total: 1
2022-07-08 08:03:50.372 DEBUG 1664 --- [http-nio-9002-exec-6] c.t.s.mapper.KindMapper.selectOne        : ==>  Preparing: SELECT kno,kname FROM kind WHERE (kno = ?) 
2022-07-08 08:03:50.373 DEBUG 1664 --- [http-nio-9002-exec-6] c.t.s.mapper.KindMapper.selectOne        : ==> Parameters: 7(Integer)
2022-07-08 08:03:50.375 DEBUG 1664 --- [http-nio-9002-exec-6] c.t.s.mapper.KindMapper.selectOne        : <==      Total: 1
2022-07-08 08:03:51.147 DEBUG 1664 --- [http-nio-9002-exec-4] c.t.s.mapper.StudentMapper.selectOne     : ==>  Preparing: SELECT sno,spno,sname,username,password,phonenumber,spicture,sex,grade FROM student WHERE (sno = ?) 
2022-07-08 08:03:51.147 DEBUG 1664 --- [http-nio-9002-exec-4] c.t.s.mapper.StudentMapper.selectOne     : ==> Parameters: 2019001(Integer)
2022-07-08 08:03:51.149 DEBUG 1664 --- [http-nio-9002-exec-4] c.t.s.mapper.StudentMapper.selectOne     : <==      Total: 1
2022-07-08 08:03:51.150 DEBUG 1664 --- [http-nio-9002-exec-4] c.t.s.m.S.selectList                     : ==>  Preparing: SELECT spno,kno,credit FROM spkcredit WHERE (spno = ?) 
2022-07-08 08:03:51.150 DEBUG 1664 --- [http-nio-9002-exec-4] c.t.s.m.S.selectList                     : ==> Parameters: 1(Integer)
2022-07-08 08:03:51.152 DEBUG 1664 --- [http-nio-9002-exec-4] c.t.s.m.S.selectList                     : <==      Total: 7
2022-07-08 08:03:51.152 DEBUG 1664 --- [http-nio-9002-exec-4] c.t.s.mapper.KindMapper.selectList       : ==>  Preparing: SELECT kno,kname FROM kind 
2022-07-08 08:03:51.152 DEBUG 1664 --- [http-nio-9002-exec-4] c.t.s.mapper.KindMapper.selectList       : ==> Parameters: 
2022-07-08 08:03:51.154 DEBUG 1664 --- [http-nio-9002-exec-4] c.t.s.mapper.KindMapper.selectList       : <==      Total: 7
2022-07-08 08:03:51.154 DEBUG 1664 --- [http-nio-9002-exec-4] c.t.s.m.S.selectList                     : ==>  Preparing: SELECT sno,cno,tno,passed FROM sct 
2022-07-08 08:03:51.155 DEBUG 1664 --- [http-nio-9002-exec-4] c.t.s.m.S.selectList                     : ==> Parameters: 
2022-07-08 08:03:51.156 DEBUG 1664 --- [http-nio-9002-exec-4] c.t.s.m.S.selectList                     : <==      Total: 4
2022-07-08 08:03:51.157 DEBUG 1664 --- [http-nio-9002-exec-4] c.t.s.mapper.CourseMapper.selectOne      : ==>  Preparing: SELECT cno,cname,averagestar,credit,cintroduction,cpicture,kno FROM course WHERE (cno = ?) 
2022-07-08 08:03:51.157 DEBUG 1664 --- [http-nio-9002-exec-4] c.t.s.mapper.CourseMapper.selectOne      : ==> Parameters: 10001(Integer)
2022-07-08 08:03:51.158 DEBUG 1664 --- [http-nio-9002-exec-4] c.t.s.mapper.CourseMapper.selectOne      : <==      Total: 1
2022-07-08 08:03:51.159 DEBUG 1664 --- [http-nio-9002-exec-4] c.t.s.mapper.CourseMapper.selectOne      : ==>  Preparing: SELECT cno,cname,averagestar,credit,cintroduction,cpicture,kno FROM course WHERE (cno = ?) 
2022-07-08 08:03:51.160 DEBUG 1664 --- [http-nio-9002-exec-4] c.t.s.mapper.CourseMapper.selectOne      : ==> Parameters: 10002(Integer)
2022-07-08 08:03:51.161 DEBUG 1664 --- [http-nio-9002-exec-4] c.t.s.mapper.CourseMapper.selectOne      : <==      Total: 1
2022-07-08 08:03:51.162 DEBUG 1664 --- [http-nio-9002-exec-4] c.t.s.mapper.CourseMapper.selectOne      : ==>  Preparing: SELECT cno,cname,averagestar,credit,cintroduction,cpicture,kno FROM course WHERE (cno = ?) 
2022-07-08 08:03:51.162 DEBUG 1664 --- [http-nio-9002-exec-4] c.t.s.mapper.CourseMapper.selectOne      : ==> Parameters: 10004(Integer)
2022-07-08 08:03:51.164 DEBUG 1664 --- [http-nio-9002-exec-4] c.t.s.mapper.CourseMapper.selectOne      : <==      Total: 1
2022-07-08 08:03:51.164 DEBUG 1664 --- [http-nio-9002-exec-4] c.t.s.m.S.selectList                     : ==>  Preparing: SELECT sno,cno,tno FROM sctcurrent 
2022-07-08 08:03:51.164 DEBUG 1664 --- [http-nio-9002-exec-4] c.t.s.m.S.selectList                     : ==> Parameters: 
2022-07-08 08:03:51.166 DEBUG 1664 --- [http-nio-9002-exec-4] c.t.s.m.S.selectList                     : <==      Total: 1
2022-07-08 08:03:51.167 DEBUG 1664 --- [http-nio-9002-exec-4] c.t.s.mapper.CourseMapper.selectOne      : ==>  Preparing: SELECT cno,cname,averagestar,credit,cintroduction,cpicture,kno FROM course WHERE (cno = ?) 
2022-07-08 08:03:51.167 DEBUG 1664 --- [http-nio-9002-exec-4] c.t.s.mapper.CourseMapper.selectOne      : ==> Parameters: 10003(Integer)
2022-07-08 08:03:51.170 DEBUG 1664 --- [http-nio-9002-exec-4] c.t.s.mapper.CourseMapper.selectOne      : <==      Total: 1
2022-07-08 08:03:51.170 DEBUG 1664 --- [http-nio-9002-exec-4] c.t.s.mapper.KindMapper.selectOne        : ==>  Preparing: SELECT kno,kname FROM kind WHERE (kno = ?) 
2022-07-08 08:03:51.171 DEBUG 1664 --- [http-nio-9002-exec-4] c.t.s.mapper.KindMapper.selectOne        : ==> Parameters: 1(Integer)
2022-07-08 08:03:51.172 DEBUG 1664 --- [http-nio-9002-exec-4] c.t.s.mapper.KindMapper.selectOne        : <==      Total: 1
2022-07-08 08:03:51.173 DEBUG 1664 --- [http-nio-9002-exec-4] c.t.s.mapper.KindMapper.selectOne        : ==>  Preparing: SELECT kno,kname FROM kind WHERE (kno = ?) 
2022-07-08 08:03:51.173 DEBUG 1664 --- [http-nio-9002-exec-4] c.t.s.mapper.KindMapper.selectOne        : ==> Parameters: 2(Integer)
2022-07-08 08:03:51.174 DEBUG 1664 --- [http-nio-9002-exec-4] c.t.s.mapper.KindMapper.selectOne        : <==      Total: 1
2022-07-08 08:03:51.175 DEBUG 1664 --- [http-nio-9002-exec-4] c.t.s.mapper.KindMapper.selectOne        : ==>  Preparing: SELECT kno,kname FROM kind WHERE (kno = ?) 
2022-07-08 08:03:51.176 DEBUG 1664 --- [http-nio-9002-exec-4] c.t.s.mapper.KindMapper.selectOne        : ==> Parameters: 3(Integer)
2022-07-08 08:03:51.177 DEBUG 1664 --- [http-nio-9002-exec-4] c.t.s.mapper.KindMapper.selectOne        : <==      Total: 1
2022-07-08 08:03:51.178 DEBUG 1664 --- [http-nio-9002-exec-4] c.t.s.mapper.KindMapper.selectOne        : ==>  Preparing: SELECT kno,kname FROM kind WHERE (kno = ?) 
2022-07-08 08:03:51.178 DEBUG 1664 --- [http-nio-9002-exec-4] c.t.s.mapper.KindMapper.selectOne        : ==> Parameters: 4(Integer)
2022-07-08 08:03:51.179 DEBUG 1664 --- [http-nio-9002-exec-4] c.t.s.mapper.KindMapper.selectOne        : <==      Total: 1
2022-07-08 08:03:51.180 DEBUG 1664 --- [http-nio-9002-exec-4] c.t.s.mapper.KindMapper.selectOne        : ==>  Preparing: SELECT kno,kname FROM kind WHERE (kno = ?) 
2022-07-08 08:03:51.180 DEBUG 1664 --- [http-nio-9002-exec-4] c.t.s.mapper.KindMapper.selectOne        : ==> Parameters: 5(Integer)
2022-07-08 08:03:51.181 DEBUG 1664 --- [http-nio-9002-exec-4] c.t.s.mapper.KindMapper.selectOne        : <==      Total: 1
2022-07-08 08:03:51.182 DEBUG 1664 --- [http-nio-9002-exec-4] c.t.s.mapper.KindMapper.selectOne        : ==>  Preparing: SELECT kno,kname FROM kind WHERE (kno = ?) 
2022-07-08 08:03:51.183 DEBUG 1664 --- [http-nio-9002-exec-4] c.t.s.mapper.KindMapper.selectOne        : ==> Parameters: 6(Integer)
2022-07-08 08:03:51.184 DEBUG 1664 --- [http-nio-9002-exec-4] c.t.s.mapper.KindMapper.selectOne        : <==      Total: 1
2022-07-08 08:03:51.184 DEBUG 1664 --- [http-nio-9002-exec-4] c.t.s.mapper.KindMapper.selectOne        : ==>  Preparing: SELECT kno,kname FROM kind WHERE (kno = ?) 
2022-07-08 08:03:51.185 DEBUG 1664 --- [http-nio-9002-exec-4] c.t.s.mapper.KindMapper.selectOne        : ==> Parameters: 7(Integer)
2022-07-08 08:03:51.186 DEBUG 1664 --- [http-nio-9002-exec-4] c.t.s.mapper.KindMapper.selectOne        : <==      Total: 1
